{"TracerIdentity":"frontend","TraceID":8715529479827901594,"Tag":"CreateTrace","Body":{},"VectorClock":{"frontend":1}}
{"TracerIdentity":"storage2","TraceID":6537903544543384945,"Tag":"CreateTrace","Body":{},"VectorClock":{"storage2":1}}
{"TracerIdentity":"storage2","TraceID":6537903544543384945,"Tag":"StorageLoadSuccess","Body":{"StorageID":"storage2","State":{}},"VectorClock":{"storage2":2}}
{"TracerIdentity":"storage2","TraceID":6537903544543384945,"Tag":"StorageJoining","Body":{"StorageID":"storage2"},"VectorClock":{"storage2":3}}
{"TracerIdentity":"frontend","TraceID":8715529479827901594,"Tag":"FrontEndStorageStarted","Body":{"StorageID":"storage2"},"VectorClock":{"frontend":2}}
{"TracerIdentity":"frontend","TraceID":8715529479827901594,"Tag":"FrontEndStorageJoined","Body":{"StorageIds":["storage2"]},"VectorClock":{"frontend":3}}
{"TracerIdentity":"storage2","TraceID":6537903544543384945,"Tag":"StorageJoined","Body":{"StorageID":"storage2","State":{}},"VectorClock":{"storage2":4}}
{"TracerIdentity":"storage1","TraceID":2086000073449634717,"Tag":"CreateTrace","Body":{},"VectorClock":{"storage1":1}}
{"TracerIdentity":"storage1","TraceID":2086000073449634717,"Tag":"StorageLoadSuccess","Body":{"StorageID":"storage1","State":{}},"VectorClock":{"storage1":2}}
{"TracerIdentity":"storage1","TraceID":2086000073449634717,"Tag":"StorageJoining","Body":{"StorageID":"storage1"},"VectorClock":{"storage1":3}}
{"TracerIdentity":"frontend","TraceID":8715529479827901594,"Tag":"FrontEndStorageStarted","Body":{"StorageID":"storage1"},"VectorClock":{"frontend":4}}
{"TracerIdentity":"frontend","TraceID":8715529479827901594,"Tag":"FrontEndStorageJoined","Body":{"StorageIds":["storage2","storage1"]},"VectorClock":{"frontend":5}}
{"TracerIdentity":"storage1","TraceID":2086000073449634717,"Tag":"StorageJoined","Body":{"StorageID":"storage1","State":{}},"VectorClock":{"storage1":4}}
{"TracerIdentity":"storage3","TraceID":2333670455726680980,"Tag":"CreateTrace","Body":{},"VectorClock":{"storage3":1}}
{"TracerIdentity":"storage3","TraceID":2333670455726680980,"Tag":"StorageLoadSuccess","Body":{"StorageID":"storage3","State":{}},"VectorClock":{"storage3":2}}
{"TracerIdentity":"storage3","TraceID":2333670455726680980,"Tag":"StorageJoining","Body":{"StorageID":"storage3"},"VectorClock":{"storage3":3}}
{"TracerIdentity":"frontend","TraceID":8715529479827901594,"Tag":"FrontEndStorageStarted","Body":{"StorageID":"storage3"},"VectorClock":{"frontend":6}}
{"TracerIdentity":"frontend","TraceID":8715529479827901594,"Tag":"FrontEndStorageJoined","Body":{"StorageIds":["storage2","storage1","storage3"]},"VectorClock":{"frontend":7}}
{"TracerIdentity":"storage3","TraceID":2333670455726680980,"Tag":"StorageJoined","Body":{"StorageID":"storage3","State":{}},"VectorClock":{"storage3":4}}
{"TracerIdentity":"client1","TraceID":7893085645585543563,"Tag":"CreateTrace","Body":{},"VectorClock":{"client1":1}}
{"TracerIdentity":"client1","TraceID":7893085645585543563,"Tag":"KvslibBegin","Body":{"ClientId":"client1"},"VectorClock":{"client1":2}}
{"TracerIdentity":"client2","TraceID":3657937185799933058,"Tag":"CreateTrace","Body":{},"VectorClock":{"client2":1}}
{"TracerIdentity":"client2","TraceID":3657937185799933058,"Tag":"KvslibBegin","Body":{"ClientId":"client2"},"VectorClock":{"client2":2}}
{"TracerIdentity":"client1","TraceID":4393421430825807889,"Tag":"CreateTrace","Body":{},"VectorClock":{"client1":3}}
{"TracerIdentity":"client1","TraceID":4393421430825807889,"Tag":"KvslibPut","Body":{"ClientId":"client1","OpId":0,"Key":"key3","Value":"value3"},"VectorClock":{"client1":4}}
{"TracerIdentity":"client1","TraceID":4393421430825807889,"Tag":"GenerateTokenTrace","Body":{"Token":"p2NsaWVudDHPPPiRg5T18BGBp2NsaWVudDEF"},"VectorClock":{"client1":5}}
{"TracerIdentity":"client1","TraceID":293935963341033733,"Tag":"CreateTrace","Body":{},"VectorClock":{"client1":6}}
{"TracerIdentity":"client1","TraceID":293935963341033733,"Tag":"KvslibGet","Body":{"ClientId":"client1","OpId":1,"Key":"key1"},"VectorClock":{"client1":7}}
{"TracerIdentity":"client1","TraceID":293935963341033733,"Tag":"GenerateTokenTrace","Body":{"Token":"p2NsaWVudDHPBBRFM4mnkQWBp2NsaWVudDEI"},"VectorClock":{"client1":8}}
{"TracerIdentity":"client1","TraceID":8352341195803871005,"Tag":"CreateTrace","Body":{},"VectorClock":{"client1":9}}
{"TracerIdentity":"client1","TraceID":8352341195803871005,"Tag":"KvslibPut","Body":{"ClientId":"client1","OpId":2,"Key":"key4","Value":"value4"},"VectorClock":{"client1":10}}
{"TracerIdentity":"frontend","TraceID":4393421430825807889,"Tag":"ReceiveTokenTrace","Body":{"Token":"p2NsaWVudDHPPPiRg5T18BGBp2NsaWVudDEF"},"VectorClock":{"client1":5,"frontend":8}}
{"TracerIdentity":"client1","TraceID":8352341195803871005,"Tag":"GenerateTokenTrace","Body":{"Token":"p2NsaWVudDHPc+l6EKLARx2Bp2NsaWVudDEL"},"VectorClock":{"client1":11}}
{"TracerIdentity":"frontend","TraceID":4393421430825807889,"Tag":"FrontEndPut","Body":{"Key":"key3","Value":"value3"},"VectorClock":{"client1":5,"frontend":9}}
{"TracerIdentity":"client1","TraceID":1986567809423801336,"Tag":"CreateTrace","Body":{},"VectorClock":{"client1":12}}
{"TracerIdentity":"client1","TraceID":1986567809423801336,"Tag":"KvslibGet","Body":{"ClientId":"client1","OpId":3,"Key":"key1"},"VectorClock":{"client1":13}}
{"TracerIdentity":"client1","TraceID":1986567809423801336,"Tag":"GenerateTokenTrace","Body":{"Token":"p2NsaWVudDHPG5G05brue/iBp2NsaWVudDEO"},"VectorClock":{"client1":14}}
{"TracerIdentity":"frontend","TraceID":4393421430825807889,"Tag":"GenerateTokenTrace","Body":{"Token":"qGZyb250ZW5kzzz4kYOU9fARgqhmcm9udGVuZAqnY2xpZW50MQU="},"VectorClock":{"client1":5,"frontend":10}}
{"TracerIdentity":"client2","TraceID":5456747827838441211,"Tag":"CreateTrace","Body":{},"VectorClock":{"client2":3}}
{"TracerIdentity":"client2","TraceID":5456747827838441211,"Tag":"KvslibPut","Body":{"ClientId":"client2","OpId":0,"Key":"key1","Value":"value2"},"VectorClock":{"client2":4}}
{"TracerIdentity":"frontend","TraceID":4393421430825807889,"Tag":"GenerateTokenTrace","Body":{"Token":"qGZyb250ZW5kzzz4kYOU9fARgqhmcm9udGVuZAunY2xpZW50MQU="},"VectorClock":{"client1":5,"frontend":11}}
{"TracerIdentity":"client2","TraceID":5456747827838441211,"Tag":"GenerateTokenTrace","Body":{"Token":"p2NsaWVudDLPS7pDPQMx1vuBp2NsaWVudDIF"},"VectorClock":{"client2":5}}
{"TracerIdentity":"frontend","TraceID":4393421430825807889,"Tag":"GenerateTokenTrace","Body":{"Token":"qGZyb250ZW5kzzz4kYOU9fARgqhmcm9udGVuZAynY2xpZW50MQU="},"VectorClock":{"client1":5,"frontend":12}}
{"TracerIdentity":"client1","TraceID":2798797181729501876,"Tag":"CreateTrace","Body":{},"VectorClock":{"client1":15}}
{"TracerIdentity":"storage1","TraceID":4393421430825807889,"Tag":"ReceiveTokenTrace","Body":{"Token":"qGZyb250ZW5kzzz4kYOU9fARgqhmcm9udGVuZAqnY2xpZW50MQU="},"VectorClock":{"client1":5,"frontend":10,"storage1":5}}
{"TracerIdentity":"client1","TraceID":2798797181729501876,"Tag":"KvslibGet","Body":{"ClientId":"client1","OpId":4,"Key":"key1"},"VectorClock":{"client1":16}}
{"TracerIdentity":"storage2","TraceID":4393421430825807889,"Tag":"ReceiveTokenTrace","Body":{"Token":"qGZyb250ZW5kzzz4kYOU9fARgqhmcm9udGVuZAunY2xpZW50MQU="},"VectorClock":{"client1":5,"frontend":11,"storage2":5}}
{"TracerIdentity":"storage1","TraceID":4393421430825807889,"Tag":"StoragePut","Body":{"StorageID":"","Key":"key3","Value":"value3"},"VectorClock":{"client1":5,"frontend":10,"storage1":6}}
{"TracerIdentity":"client1","TraceID":2798797181729501876,"Tag":"GenerateTokenTrace","Body":{"Token":"p2NsaWVudDHPJtdTNUdZ8rSBp2NsaWVudDER"},"VectorClock":{"client1":17}}
{"TracerIdentity":"storage2","TraceID":4393421430825807889,"Tag":"StoragePut","Body":{"StorageID":"","Key":"key3","Value":"value3"},"VectorClock":{"client1":5,"frontend":11,"storage2":6}}
{"TracerIdentity":"storage3","TraceID":4393421430825807889,"Tag":"ReceiveTokenTrace","Body":{"Token":"qGZyb250ZW5kzzz4kYOU9fARgqhmcm9udGVuZAynY2xpZW50MQU="},"VectorClock":{"client1":5,"frontend":12,"storage3":5}}
{"TracerIdentity":"storage1","TraceID":4393421430825807889,"Tag":"StorageSaveData","Body":{"StorageID":"","Key":"key3","Value":"value3"},"VectorClock":{"client1":5,"frontend":10,"storage1":7}}
{"TracerIdentity":"storage2","TraceID":4393421430825807889,"Tag":"StorageSaveData","Body":{"StorageID":"","Key":"key3","Value":"value3"},"VectorClock":{"client1":5,"frontend":11,"storage2":7}}
{"TracerIdentity":"storage3","TraceID":4393421430825807889,"Tag":"StoragePut","Body":{"StorageID":"","Key":"key3","Value":"value3"},"VectorClock":{"client1":5,"frontend":12,"storage3":6}}
{"TracerIdentity":"storage1","TraceID":4393421430825807889,"Tag":"GenerateTokenTrace","Body":{"Token":"qHN0b3JhZ2Uxzzz4kYOU9fARg6hzdG9yYWdlMQioZnJvbnRlbmQKp2NsaWVudDEF"},"VectorClock":{"client1":5,"frontend":10,"storage1":8}}
{"TracerIdentity":"storage2","TraceID":4393421430825807889,"Tag":"GenerateTokenTrace","Body":{"Token":"qHN0b3JhZ2Uyzzz4kYOU9fARg6djbGllbnQxBahzdG9yYWdlMgioZnJvbnRlbmQL"},"VectorClock":{"client1":5,"frontend":11,"storage2":8}}
{"TracerIdentity":"storage3","TraceID":4393421430825807889,"Tag":"StorageSaveData","Body":{"StorageID":"","Key":"key3","Value":"value3"},"VectorClock":{"client1":5,"frontend":12,"storage3":7}}
{"TracerIdentity":"frontend","TraceID":4393421430825807889,"Tag":"ReceiveTokenTrace","Body":{"Token":"qHN0b3JhZ2Uyzzz4kYOU9fARg6djbGllbnQxBahzdG9yYWdlMgioZnJvbnRlbmQL"},"VectorClock":{"client1":5,"frontend":13,"storage2":8}}
{"TracerIdentity":"storage3","TraceID":4393421430825807889,"Tag":"GenerateTokenTrace","Body":{"Token":"qHN0b3JhZ2Uzzzz4kYOU9fARg6hzdG9yYWdlMwioZnJvbnRlbmQMp2NsaWVudDEF"},"VectorClock":{"client1":5,"frontend":12,"storage3":8}}
{"TracerIdentity":"frontend","TraceID":4393421430825807889,"Tag":"ReceiveTokenTrace","Body":{"Token":"qHN0b3JhZ2Uxzzz4kYOU9fARg6hzdG9yYWdlMQioZnJvbnRlbmQKp2NsaWVudDEF"},"VectorClock":{"client1":5,"frontend":14,"storage1":8,"storage2":8}}
{"TracerIdentity":"frontend","TraceID":4393421430825807889,"Tag":"ReceiveTokenTrace","Body":{"Token":"qHN0b3JhZ2Uzzzz4kYOU9fARg6hzdG9yYWdlMwioZnJvbnRlbmQMp2NsaWVudDEF"},"VectorClock":{"client1":5,"frontend":15,"storage1":8,"storage2":8,"storage3":8}}
{"TracerIdentity":"frontend","TraceID":4393421430825807889,"Tag":"FrontEndPutResult","Body":{"Err":false},"VectorClock":{"client1":5,"frontend":16,"storage1":8,"storage2":8,"storage3":8}}
{"TracerIdentity":"frontend","TraceID":4393421430825807889,"Tag":"GenerateTokenTrace","Body":{"Token":"qGZyb250ZW5kzzz4kYOU9fARhahzdG9yYWdlMwioZnJvbnRlbmQRp2NsaWVudDEFqHN0b3JhZ2UyCKhzdG9yYWdlMQg="},"VectorClock":{"client1":5,"frontend":17,"storage1":8,"storage2":8,"storage3":8}}
{"TracerIdentity":"frontend","TraceID":293935963341033733,"Tag":"ReceiveTokenTrace","Body":{"Token":"p2NsaWVudDHPBBRFM4mnkQWBp2NsaWVudDEI"},"VectorClock":{"client1":8,"frontend":18,"storage1":8,"storage2":8,"storage3":8}}
{"TracerIdentity":"frontend","TraceID":293935963341033733,"Tag":"FrontEndGet","Body":{"Key":"key1"},"VectorClock":{"client1":8,"frontend":19,"storage1":8,"storage2":8,"storage3":8}}
{"TracerIdentity":"client1","TraceID":4393421430825807889,"Tag":"ReceiveTokenTrace","Body":{"Token":"qGZyb250ZW5kzzz4kYOU9fARhahzdG9yYWdlMwioZnJvbnRlbmQRp2NsaWVudDEFqHN0b3JhZ2UyCKhzdG9yYWdlMQg="},"VectorClock":{"client1":18,"frontend":17,"storage1":8,"storage2":8,"storage3":8}}
{"TracerIdentity":"frontend","TraceID":293935963341033733,"Tag":"GenerateTokenTrace","Body":{"Token":"qGZyb250ZW5kzwQURTOJp5EFhahmcm9udGVuZBSnY2xpZW50MQioc3RvcmFnZTIIqHN0b3JhZ2UxCKhzdG9yYWdlMwg="},"VectorClock":{"client1":8,"frontend":20,"storage1":8,"storage2":8,"storage3":8}}
{"TracerIdentity":"client1","TraceID":4393421430825807889,"Tag":"KvslibPutResult","Body":{"OpId":0,"Err":false},"VectorClock":{"client1":19,"frontend":17,"storage1":8,"storage2":8,"storage3":8}}
{"TracerIdentity":"frontend","TraceID":293935963341033733,"Tag":"GenerateTokenTrace","Body":{"Token":"qGZyb250ZW5kzwQURTOJp5EFhahmcm9udGVuZBWnY2xpZW50MQioc3RvcmFnZTIIqHN0b3JhZ2UxCKhzdG9yYWdlMwg="},"VectorClock":{"client1":8,"frontend":21,"storage1":8,"storage2":8,"storage3":8}}
{"TracerIdentity":"storage1","TraceID":293935963341033733,"Tag":"ReceiveTokenTrace","Body":{"Token":"qGZyb250ZW5kzwQURTOJp5EFhahmcm9udGVuZBSnY2xpZW50MQioc3RvcmFnZTIIqHN0b3JhZ2UxCKhzdG9yYWdlMwg="},"VectorClock":{"client1":8,"frontend":20,"storage1":9,"storage2":8,"storage3":8}}
{"TracerIdentity":"frontend","TraceID":293935963341033733,"Tag":"GenerateTokenTrace","Body":{"Token":"qGZyb250ZW5kzwQURTOJp5EFhahmcm9udGVuZBanY2xpZW50MQioc3RvcmFnZTIIqHN0b3JhZ2UxCKhzdG9yYWdlMwg="},"VectorClock":{"client1":8,"frontend":22,"storage1":8,"storage2":8,"storage3":8}}
{"TracerIdentity":"storage1","TraceID":293935963341033733,"Tag":"StorageGet","Body":{"StorageID":"","Key":"key1"},"VectorClock":{"client1":8,"frontend":20,"storage1":10,"storage2":8,"storage3":8}}
{"TracerIdentity":"storage3","TraceID":293935963341033733,"Tag":"ReceiveTokenTrace","Body":{"Token":"qGZyb250ZW5kzwQURTOJp5EFhahmcm9udGVuZBWnY2xpZW50MQioc3RvcmFnZTIIqHN0b3JhZ2UxCKhzdG9yYWdlMwg="},"VectorClock":{"client1":8,"frontend":21,"storage1":8,"storage2":8,"storage3":9}}
{"TracerIdentity":"storage1","TraceID":293935963341033733,"Tag":"StorageGetResult","Body":{"StorageID":"","Key":"key1","Value":null},"VectorClock":{"client1":8,"frontend":20,"storage1":11,"storage2":8,"storage3":8}}
{"TracerIdentity":"storage3","TraceID":293935963341033733,"Tag":"StorageGet","Body":{"StorageID":"","Key":"key1"},"VectorClock":{"client1":8,"frontend":21,"storage1":8,"storage2":8,"storage3":10}}
{"TracerIdentity":"storage2","TraceID":293935963341033733,"Tag":"ReceiveTokenTrace","Body":{"Token":"qGZyb250ZW5kzwQURTOJp5EFhahmcm9udGVuZBanY2xpZW50MQioc3RvcmFnZTIIqHN0b3JhZ2UxCKhzdG9yYWdlMwg="},"VectorClock":{"client1":8,"frontend":22,"storage1":8,"storage2":9,"storage3":8}}
{"TracerIdentity":"storage1","TraceID":293935963341033733,"Tag":"GenerateTokenTrace","Body":{"Token":"qHN0b3JhZ2UxzwQURTOJp5EFhahzdG9yYWdlMgioc3RvcmFnZTMIqHN0b3JhZ2UxDKhmcm9udGVuZBSnY2xpZW50MQg="},"VectorClock":{"client1":8,"frontend":20,"storage1":12,"storage2":8,"storage3":8}}
{"TracerIdentity":"storage3","TraceID":293935963341033733,"Tag":"StorageGetResult","Body":{"StorageID":"","Key":"key1","Value":null},"VectorClock":{"client1":8,"frontend":21,"storage1":8,"storage2":8,"storage3":11}}
{"TracerIdentity":"storage2","TraceID":293935963341033733,"Tag":"StorageGet","Body":{"StorageID":"","Key":"key1"},"VectorClock":{"client1":8,"frontend":22,"storage1":8,"storage2":10,"storage3":8}}
{"TracerIdentity":"storage3","TraceID":293935963341033733,"Tag":"GenerateTokenTrace","Body":{"Token":"qHN0b3JhZ2UzzwQURTOJp5EFhadjbGllbnQxCKhzdG9yYWdlMgioc3RvcmFnZTEIqHN0b3JhZ2UzDKhmcm9udGVuZBU="},"VectorClock":{"client1":8,"frontend":21,"storage1":8,"storage2":8,"storage3":12}}
{"TracerIdentity":"storage2","TraceID":293935963341033733,"Tag":"StorageGetResult","Body":{"StorageID":"","Key":"key1","Value":null},"VectorClock":{"client1":8,"frontend":22,"storage1":8,"storage2":11,"storage3":8}}
{"TracerIdentity":"frontend","TraceID":293935963341033733,"Tag":"ReceiveTokenTrace","Body":{"Token":"qHN0b3JhZ2UxzwQURTOJp5EFhahzdG9yYWdlMgioc3RvcmFnZTMIqHN0b3JhZ2UxDKhmcm9udGVuZBSnY2xpZW50MQg="},"VectorClock":{"client1":8,"frontend":23,"storage1":12,"storage2":8,"storage3":8}}
{"TracerIdentity":"storage2","TraceID":293935963341033733,"Tag":"GenerateTokenTrace","Body":{"Token":"qHN0b3JhZ2UyzwQURTOJp5EFhahzdG9yYWdlMgyoZnJvbnRlbmQWp2NsaWVudDEIqHN0b3JhZ2UxCKhzdG9yYWdlMwg="},"VectorClock":{"client1":8,"frontend":22,"storage1":8,"storage2":12,"storage3":8}}
{"TracerIdentity":"frontend","TraceID":293935963341033733,"Tag":"ReceiveTokenTrace","Body":{"Token":"qHN0b3JhZ2UzzwQURTOJp5EFhadjbGllbnQxCKhzdG9yYWdlMgioc3RvcmFnZTEIqHN0b3JhZ2UzDKhmcm9udGVuZBU="},"VectorClock":{"client1":8,"frontend":24,"storage1":12,"storage2":8,"storage3":12}}
{"TracerIdentity":"frontend","TraceID":293935963341033733,"Tag":"ReceiveTokenTrace","Body":{"Token":"qHN0b3JhZ2UyzwQURTOJp5EFhahzdG9yYWdlMgyoZnJvbnRlbmQWp2NsaWVudDEIqHN0b3JhZ2UxCKhzdG9yYWdlMwg="},"VectorClock":{"client1":8,"frontend":25,"storage1":12,"storage2":12,"storage3":12}}
{"TracerIdentity":"frontend","TraceID":293935963341033733,"Tag":"FrontEndGetResult","Body":{"Key":"key1","Value":null,"Err":false},"VectorClock":{"client1":8,"frontend":26,"storage1":12,"storage2":12,"storage3":12}}
{"TracerIdentity":"frontend","TraceID":293935963341033733,"Tag":"GenerateTokenTrace","Body":{"Token":"qGZyb250ZW5kzwQURTOJp5EFhahzdG9yYWdlMQyoc3RvcmFnZTMMqGZyb250ZW5kG6djbGllbnQxCKhzdG9yYWdlMgw="},"VectorClock":{"client1":8,"frontend":27,"storage1":12,"storage2":12,"storage3":12}}
{"TracerIdentity":"frontend","TraceID":8352341195803871005,"Tag":"ReceiveTokenTrace","Body":{"Token":"p2NsaWVudDHPc+l6EKLARx2Bp2NsaWVudDEL"},"VectorClock":{"client1":11,"frontend":28,"storage1":12,"storage2":12,"storage3":12}}
{"TracerIdentity":"client1","TraceID":293935963341033733,"Tag":"ReceiveTokenTrace","Body":{"Token":"qGZyb250ZW5kzwQURTOJp5EFhahzdG9yYWdlMQyoc3RvcmFnZTMMqGZyb250ZW5kG6djbGllbnQxCKhzdG9yYWdlMgw="},"VectorClock":{"client1":20,"frontend":27,"storage1":12,"storage2":12,"storage3":12}}
{"TracerIdentity":"frontend","TraceID":8352341195803871005,"Tag":"FrontEndPut","Body":{"Key":"key4","Value":"value4"},"VectorClock":{"client1":11,"frontend":29,"storage1":12,"storage2":12,"storage3":12}}
{"TracerIdentity":"client1","TraceID":293935963341033733,"Tag":"KvslibGetResult","Body":{"OpId":1,"Key":"key1","Value":null,"Err":false},"VectorClock":{"client1":21,"frontend":27,"storage1":12,"storage2":12,"storage3":12}}
{"TracerIdentity":"frontend","TraceID":8352341195803871005,"Tag":"GenerateTokenTrace","Body":{"Token":"qGZyb250ZW5kz3PpehCiwEcdhahmcm9udGVuZB6nY2xpZW50MQuoc3RvcmFnZTIMqHN0b3JhZ2UxDKhzdG9yYWdlMww="},"VectorClock":{"client1":11,"frontend":30,"storage1":12,"storage2":12,"storage3":12}}
{"TracerIdentity":"frontend","TraceID":8352341195803871005,"Tag":"GenerateTokenTrace","Body":{"Token":"qGZyb250ZW5kz3PpehCiwEcdhahmcm9udGVuZB+nY2xpZW50MQuoc3RvcmFnZTIMqHN0b3JhZ2UxDKhzdG9yYWdlMww="},"VectorClock":{"client1":11,"frontend":31,"storage1":12,"storage2":12,"storage3":12}}
{"TracerIdentity":"storage2","TraceID":8352341195803871005,"Tag":"ReceiveTokenTrace","Body":{"Token":"qGZyb250ZW5kz3PpehCiwEcdhahmcm9udGVuZB6nY2xpZW50MQuoc3RvcmFnZTIMqHN0b3JhZ2UxDKhzdG9yYWdlMww="},"VectorClock":{"client1":11,"frontend":30,"storage1":12,"storage2":13,"storage3":12}}
{"TracerIdentity":"frontend","TraceID":8352341195803871005,"Tag":"GenerateTokenTrace","Body":{"Token":"qGZyb250ZW5kz3PpehCiwEcdhadjbGllbnQxC6hzdG9yYWdlMgyoc3RvcmFnZTEMqHN0b3JhZ2UzDKhmcm9udGVuZCA="},"VectorClock":{"client1":11,"frontend":32,"storage1":12,"storage2":12,"storage3":12}}
{"TracerIdentity":"storage2","TraceID":8352341195803871005,"Tag":"StoragePut","Body":{"StorageID":"","Key":"key4","Value":"value4"},"VectorClock":{"client1":11,"frontend":30,"storage1":12,"storage2":14,"storage3":12}}
{"TracerIdentity":"storage3","TraceID":8352341195803871005,"Tag":"ReceiveTokenTrace","Body":{"Token":"qGZyb250ZW5kz3PpehCiwEcdhahmcm9udGVuZB+nY2xpZW50MQuoc3RvcmFnZTIMqHN0b3JhZ2UxDKhzdG9yYWdlMww="},"VectorClock":{"client1":11,"frontend":31,"storage1":12,"storage2":12,"storage3":13}}
{"TracerIdentity":"storage3","TraceID":8352341195803871005,"Tag":"StoragePut","Body":{"StorageID":"","Key":"key4","Value":"value4"},"VectorClock":{"client1":11,"frontend":31,"storage1":12,"storage2":12,"storage3":14}}
{"TracerIdentity":"storage2","TraceID":8352341195803871005,"Tag":"StorageSaveData","Body":{"StorageID":"","Key":"key4","Value":"value4"},"VectorClock":{"client1":11,"frontend":30,"storage1":12,"storage2":15,"storage3":12}}
{"TracerIdentity":"storage1","TraceID":8352341195803871005,"Tag":"ReceiveTokenTrace","Body":{"Token":"qGZyb250ZW5kz3PpehCiwEcdhadjbGllbnQxC6hzdG9yYWdlMgyoc3RvcmFnZTEMqHN0b3JhZ2UzDKhmcm9udGVuZCA="},"VectorClock":{"client1":11,"frontend":32,"storage1":13,"storage2":12,"storage3":12}}
{"TracerIdentity":"storage2","TraceID":8352341195803871005,"Tag":"GenerateTokenTrace","Body":{"Token":"qHN0b3JhZ2Uyz3PpehCiwEcdhadjbGllbnQxC6hzdG9yYWdlMQyoc3RvcmFnZTMMqHN0b3JhZ2UyEKhmcm9udGVuZB4="},"VectorClock":{"client1":11,"frontend":30,"storage1":12,"storage2":16,"storage3":12}}
{"TracerIdentity":"storage1","TraceID":8352341195803871005,"Tag":"StoragePut","Body":{"StorageID":"","Key":"key4","Value":"value4"},"VectorClock":{"client1":11,"frontend":32,"storage1":14,"storage2":12,"storage3":12}}
{"TracerIdentity":"storage3","TraceID":8352341195803871005,"Tag":"StorageSaveData","Body":{"StorageID":"","Key":"key4","Value":"value4"},"VectorClock":{"client1":11,"frontend":31,"storage1":12,"storage2":12,"storage3":15}}
{"TracerIdentity":"storage3","TraceID":8352341195803871005,"Tag":"GenerateTokenTrace","Body":{"Token":"qHN0b3JhZ2Uzz3PpehCiwEcdhahzdG9yYWdlMxCoZnJvbnRlbmQfp2NsaWVudDELqHN0b3JhZ2UyDKhzdG9yYWdlMQw="},"VectorClock":{"client1":11,"frontend":31,"storage1":12,"storage2":12,"storage3":16}}
{"TracerIdentity":"storage1","TraceID":8352341195803871005,"Tag":"StorageSaveData","Body":{"StorageID":"","Key":"key4","Value":"value4"},"VectorClock":{"client1":11,"frontend":32,"storage1":15,"storage2":12,"storage3":12}}
{"TracerIdentity":"frontend","TraceID":8352341195803871005,"Tag":"ReceiveTokenTrace","Body":{"Token":"qHN0b3JhZ2Uyz3PpehCiwEcdhadjbGllbnQxC6hzdG9yYWdlMQyoc3RvcmFnZTMMqHN0b3JhZ2UyEKhmcm9udGVuZB4="},"VectorClock":{"client1":11,"frontend":33,"storage1":12,"storage2":16,"storage3":12}}
{"TracerIdentity":"storage1","TraceID":8352341195803871005,"Tag":"GenerateTokenTrace","Body":{"Token":"qHN0b3JhZ2Uxz3PpehCiwEcdhahzdG9yYWdlMRCoZnJvbnRlbmQgp2NsaWVudDELqHN0b3JhZ2UyDKhzdG9yYWdlMww="},"VectorClock":{"client1":11,"frontend":32,"storage1":16,"storage2":12,"storage3":12}}
{"TracerIdentity":"frontend","TraceID":8352341195803871005,"Tag":"ReceiveTokenTrace","Body":{"Token":"qHN0b3JhZ2Uzz3PpehCiwEcdhahzdG9yYWdlMxCoZnJvbnRlbmQfp2NsaWVudDELqHN0b3JhZ2UyDKhzdG9yYWdlMQw="},"VectorClock":{"client1":11,"frontend":34,"storage1":12,"storage2":16,"storage3":16}}
{"TracerIdentity":"frontend","TraceID":8352341195803871005,"Tag":"ReceiveTokenTrace","Body":{"Token":"qHN0b3JhZ2Uxz3PpehCiwEcdhahzdG9yYWdlMRCoZnJvbnRlbmQgp2NsaWVudDELqHN0b3JhZ2UyDKhzdG9yYWdlMww="},"VectorClock":{"client1":11,"frontend":35,"storage1":16,"storage2":16,"storage3":16}}
{"TracerIdentity":"frontend","TraceID":8352341195803871005,"Tag":"FrontEndPutResult","Body":{"Err":false},"VectorClock":{"client1":11,"frontend":36,"storage1":16,"storage2":16,"storage3":16}}
{"TracerIdentity":"frontend","TraceID":8352341195803871005,"Tag":"GenerateTokenTrace","Body":{"Token":"qGZyb250ZW5kz3PpehCiwEcdhahmcm9udGVuZCWnY2xpZW50MQuoc3RvcmFnZTIQqHN0b3JhZ2UxEKhzdG9yYWdlMxA="},"VectorClock":{"client1":11,"frontend":37,"storage1":16,"storage2":16,"storage3":16}}
{"TracerIdentity":"frontend","TraceID":1986567809423801336,"Tag":"ReceiveTokenTrace","Body":{"Token":"p2NsaWVudDHPG5G05brue/iBp2NsaWVudDEO"},"VectorClock":{"client1":14,"frontend":38,"storage1":16,"storage2":16,"storage3":16}}
{"TracerIdentity":"frontend","TraceID":1986567809423801336,"Tag":"FrontEndGet","Body":{"Key":"key1"},"VectorClock":{"client1":14,"frontend":39,"storage1":16,"storage2":16,"storage3":16}}
{"TracerIdentity":"client1","TraceID":8352341195803871005,"Tag":"ReceiveTokenTrace","Body":{"Token":"qGZyb250ZW5kz3PpehCiwEcdhahmcm9udGVuZCWnY2xpZW50MQuoc3RvcmFnZTIQqHN0b3JhZ2UxEKhzdG9yYWdlMxA="},"VectorClock":{"client1":22,"frontend":37,"storage1":16,"storage2":16,"storage3":16}}
{"TracerIdentity":"client1","TraceID":8352341195803871005,"Tag":"KvslibPutResult","Body":{"OpId":2,"Err":false},"VectorClock":{"client1":23,"frontend":37,"storage1":16,"storage2":16,"storage3":16}}
{"TracerIdentity":"frontend","TraceID":1986567809423801336,"Tag":"GenerateTokenTrace","Body":{"Token":"qGZyb250ZW5kzxuRtOW67nv4hahzdG9yYWdlMRCoc3RvcmFnZTMQqGZyb250ZW5kKKdjbGllbnQxDqhzdG9yYWdlMhA="},"VectorClock":{"client1":14,"frontend":40,"storage1":16,"storage2":16,"storage3":16}}
{"TracerIdentity":"frontend","TraceID":1986567809423801336,"Tag":"GenerateTokenTrace","Body":{"Token":"qGZyb250ZW5kzxuRtOW67nv4hahzdG9yYWdlMxCoZnJvbnRlbmQpp2NsaWVudDEOqHN0b3JhZ2UyEKhzdG9yYWdlMRA="},"VectorClock":{"client1":14,"frontend":41,"storage1":16,"storage2":16,"storage3":16}}
{"TracerIdentity":"storage2","TraceID":1986567809423801336,"Tag":"ReceiveTokenTrace","Body":{"Token":"qGZyb250ZW5kzxuRtOW67nv4hahzdG9yYWdlMRCoc3RvcmFnZTMQqGZyb250ZW5kKKdjbGllbnQxDqhzdG9yYWdlMhA="},"VectorClock":{"client1":14,"frontend":40,"storage1":16,"storage2":17,"storage3":16}}
{"TracerIdentity":"frontend","TraceID":1986567809423801336,"Tag":"GenerateTokenTrace","Body":{"Token":"qGZyb250ZW5kzxuRtOW67nv4hadjbGllbnQxDqhzdG9yYWdlMhCoc3RvcmFnZTEQqHN0b3JhZ2UzEKhmcm9udGVuZCo="},"VectorClock":{"client1":14,"frontend":42,"storage1":16,"storage2":16,"storage3":16}}
{"TracerIdentity":"storage2","TraceID":1986567809423801336,"Tag":"StorageGet","Body":{"StorageID":"","Key":"key1"},"VectorClock":{"client1":14,"frontend":40,"storage1":16,"storage2":18,"storage3":16}}
{"TracerIdentity":"storage1","TraceID":1986567809423801336,"Tag":"ReceiveTokenTrace","Body":{"Token":"qGZyb250ZW5kzxuRtOW67nv4hahzdG9yYWdlMxCoZnJvbnRlbmQpp2NsaWVudDEOqHN0b3JhZ2UyEKhzdG9yYWdlMRA="},"VectorClock":{"client1":14,"frontend":41,"storage1":17,"storage2":16,"storage3":16}}
{"TracerIdentity":"storage2","TraceID":1986567809423801336,"Tag":"StorageGetResult","Body":{"StorageID":"","Key":"key1","Value":null},"VectorClock":{"client1":14,"frontend":40,"storage1":16,"storage2":19,"storage3":16}}
{"TracerIdentity":"storage1","TraceID":1986567809423801336,"Tag":"StorageGet","Body":{"StorageID":"","Key":"key1"},"VectorClock":{"client1":14,"frontend":41,"storage1":18,"storage2":16,"storage3":16}}
{"TracerIdentity":"storage3","TraceID":1986567809423801336,"Tag":"ReceiveTokenTrace","Body":{"Token":"qGZyb250ZW5kzxuRtOW67nv4hadjbGllbnQxDqhzdG9yYWdlMhCoc3RvcmFnZTEQqHN0b3JhZ2UzEKhmcm9udGVuZCo="},"VectorClock":{"client1":14,"frontend":42,"storage1":16,"storage2":16,"storage3":17}}
{"TracerIdentity":"storage2","TraceID":1986567809423801336,"Tag":"GenerateTokenTrace","Body":{"Token":"qHN0b3JhZ2UyzxuRtOW67nv4hadjbGllbnQxDqhzdG9yYWdlMRCoc3RvcmFnZTMQqHN0b3JhZ2UyFKhmcm9udGVuZCg="},"VectorClock":{"client1":14,"frontend":40,"storage1":16,"storage2":20,"storage3":16}}
{"TracerIdentity":"storage1","TraceID":1986567809423801336,"Tag":"StorageGetResult","Body":{"StorageID":"","Key":"key1","Value":null},"VectorClock":{"client1":14,"frontend":41,"storage1":19,"storage2":16,"storage3":16}}
{"TracerIdentity":"storage3","TraceID":1986567809423801336,"Tag":"StorageGet","Body":{"StorageID":"","Key":"key1"},"VectorClock":{"client1":14,"frontend":42,"storage1":16,"storage2":16,"storage3":18}}
{"TracerIdentity":"storage3","TraceID":1986567809423801336,"Tag":"StorageGetResult","Body":{"StorageID":"","Key":"key1","Value":null},"VectorClock":{"client1":14,"frontend":42,"storage1":16,"storage2":16,"storage3":19}}
{"TracerIdentity":"storage1","TraceID":1986567809423801336,"Tag":"GenerateTokenTrace","Body":{"Token":"qHN0b3JhZ2UxzxuRtOW67nv4hahzdG9yYWdlMRSoZnJvbnRlbmQpp2NsaWVudDEOqHN0b3JhZ2UyEKhzdG9yYWdlMxA="},"VectorClock":{"client1":14,"frontend":41,"storage1":20,"storage2":16,"storage3":16}}
{"TracerIdentity":"storage3","TraceID":1986567809423801336,"Tag":"GenerateTokenTrace","Body":{"Token":"qHN0b3JhZ2UzzxuRtOW67nv4hadjbGllbnQxDqhzdG9yYWdlMhCoc3RvcmFnZTEQqHN0b3JhZ2UzFKhmcm9udGVuZCo="},"VectorClock":{"client1":14,"frontend":42,"storage1":16,"storage2":16,"storage3":20}}
{"TracerIdentity":"frontend","TraceID":1986567809423801336,"Tag":"ReceiveTokenTrace","Body":{"Token":"qHN0b3JhZ2UyzxuRtOW67nv4hadjbGllbnQxDqhzdG9yYWdlMRCoc3RvcmFnZTMQqHN0b3JhZ2UyFKhmcm9udGVuZCg="},"VectorClock":{"client1":14,"frontend":43,"storage1":16,"storage2":20,"storage3":16}}
{"TracerIdentity":"frontend","TraceID":1986567809423801336,"Tag":"ReceiveTokenTrace","Body":{"Token":"qHN0b3JhZ2UxzxuRtOW67nv4hahzdG9yYWdlMRSoZnJvbnRlbmQpp2NsaWVudDEOqHN0b3JhZ2UyEKhzdG9yYWdlMxA="},"VectorClock":{"client1":14,"frontend":44,"storage1":20,"storage2":20,"storage3":16}}
{"TracerIdentity":"frontend","TraceID":1986567809423801336,"Tag":"ReceiveTokenTrace","Body":{"Token":"qHN0b3JhZ2UzzxuRtOW67nv4hadjbGllbnQxDqhzdG9yYWdlMhCoc3RvcmFnZTEQqHN0b3JhZ2UzFKhmcm9udGVuZCo="},"VectorClock":{"client1":14,"frontend":45,"storage1":20,"storage2":20,"storage3":20}}
{"TracerIdentity":"frontend","TraceID":1986567809423801336,"Tag":"FrontEndGetResult","Body":{"Key":"key1","Value":null,"Err":false},"VectorClock":{"client1":14,"frontend":46,"storage1":20,"storage2":20,"storage3":20}}
{"TracerIdentity":"frontend","TraceID":1986567809423801336,"Tag":"GenerateTokenTrace","Body":{"Token":"qGZyb250ZW5kzxuRtOW67nv4hahmcm9udGVuZC+nY2xpZW50MQ6oc3RvcmFnZTIUqHN0b3JhZ2UxFKhzdG9yYWdlMxQ="},"VectorClock":{"client1":14,"frontend":47,"storage1":20,"storage2":20,"storage3":20}}
{"TracerIdentity":"frontend","TraceID":5456747827838441211,"Tag":"ReceiveTokenTrace","Body":{"Token":"p2NsaWVudDLPS7pDPQMx1vuBp2NsaWVudDIF"},"VectorClock":{"client1":14,"client2":5,"frontend":48,"storage1":20,"storage2":20,"storage3":20}}
{"TracerIdentity":"client1","TraceID":1986567809423801336,"Tag":"ReceiveTokenTrace","Body":{"Token":"qGZyb250ZW5kzxuRtOW67nv4hahmcm9udGVuZC+nY2xpZW50MQ6oc3RvcmFnZTIUqHN0b3JhZ2UxFKhzdG9yYWdlMxQ="},"VectorClock":{"client1":24,"frontend":47,"storage1":20,"storage2":20,"storage3":20}}
{"TracerIdentity":"frontend","TraceID":5456747827838441211,"Tag":"FrontEndPut","Body":{"Key":"key1","Value":"value2"},"VectorClock":{"client1":14,"client2":5,"frontend":49,"storage1":20,"storage2":20,"storage3":20}}
{"TracerIdentity":"client1","TraceID":1986567809423801336,"Tag":"KvslibGetResult","Body":{"OpId":3,"Key":"key1","Value":null,"Err":false},"VectorClock":{"client1":25,"frontend":47,"storage1":20,"storage2":20,"storage3":20}}
{"TracerIdentity":"frontend","TraceID":5456747827838441211,"Tag":"GenerateTokenTrace","Body":{"Token":"qGZyb250ZW5kz0u6Qz0DMdb7hqhzdG9yYWdlMRSoc3RvcmFnZTMUp2NsaWVudDIFqGZyb250ZW5kMqdjbGllbnQxDqhzdG9yYWdlMhQ="},"VectorClock":{"client1":14,"client2":5,"frontend":50,"storage1":20,"storage2":20,"storage3":20}}
{"TracerIdentity":"frontend","TraceID":5456747827838441211,"Tag":"GenerateTokenTrace","Body":{"Token":"qGZyb250ZW5kz0u6Qz0DMdb7hqdjbGllbnQyBahmcm9udGVuZDOnY2xpZW50MQ6oc3RvcmFnZTIUqHN0b3JhZ2UxFKhzdG9yYWdlMxQ="},"VectorClock":{"client1":14,"client2":5,"frontend":51,"storage1":20,"storage2":20,"storage3":20}}
{"TracerIdentity":"storage2","TraceID":5456747827838441211,"Tag":"ReceiveTokenTrace","Body":{"Token":"qGZyb250ZW5kz0u6Qz0DMdb7hqhzdG9yYWdlMRSoc3RvcmFnZTMUp2NsaWVudDIFqGZyb250ZW5kMqdjbGllbnQxDqhzdG9yYWdlMhQ="},"VectorClock":{"client1":14,"client2":5,"frontend":50,"storage1":20,"storage2":21,"storage3":20}}
{"TracerIdentity":"frontend","TraceID":5456747827838441211,"Tag":"GenerateTokenTrace","Body":{"Token":"qGZyb250ZW5kz0u6Qz0DMdb7hqhzdG9yYWdlMhSoc3RvcmFnZTEUqHN0b3JhZ2UzFKdjbGllbnQyBahmcm9udGVuZDSnY2xpZW50MQ4="},"VectorClock":{"client1":14,"client2":5,"frontend":52,"storage1":20,"storage2":20,"storage3":20}}
{"TracerIdentity":"storage3","TraceID":5456747827838441211,"Tag":"ReceiveTokenTrace","Body":{"Token":"qGZyb250ZW5kz0u6Qz0DMdb7hqdjbGllbnQyBahmcm9udGVuZDOnY2xpZW50MQ6oc3RvcmFnZTIUqHN0b3JhZ2UxFKhzdG9yYWdlMxQ="},"VectorClock":{"client1":14,"client2":5,"frontend":51,"storage1":20,"storage2":20,"storage3":21}}
{"TracerIdentity":"storage2","TraceID":5456747827838441211,"Tag":"StoragePut","Body":{"StorageID":"","Key":"key1","Value":"value2"},"VectorClock":{"client1":14,"client2":5,"frontend":50,"storage1":20,"storage2":22,"storage3":20}}
{"TracerIdentity":"storage3","TraceID":5456747827838441211,"Tag":"StoragePut","Body":{"StorageID":"","Key":"key1","Value":"value2"},"VectorClock":{"client1":14,"client2":5,"frontend":51,"storage1":20,"storage2":20,"storage3":22}}
{"TracerIdentity":"storage1","TraceID":5456747827838441211,"Tag":"ReceiveTokenTrace","Body":{"Token":"qGZyb250ZW5kz0u6Qz0DMdb7hqhzdG9yYWdlMhSoc3RvcmFnZTEUqHN0b3JhZ2UzFKdjbGllbnQyBahmcm9udGVuZDSnY2xpZW50MQ4="},"VectorClock":{"client1":14,"client2":5,"frontend":52,"storage1":21,"storage2":20,"storage3":20}}
{"TracerIdentity":"storage2","TraceID":5456747827838441211,"Tag":"StorageSaveData","Body":{"StorageID":"","Key":"key1","Value":"value2"},"VectorClock":{"client1":14,"client2":5,"frontend":50,"storage1":20,"storage2":23,"storage3":20}}
{"TracerIdentity":"storage3","TraceID":5456747827838441211,"Tag":"StorageSaveData","Body":{"StorageID":"","Key":"key1","Value":"value2"},"VectorClock":{"client1":14,"client2":5,"frontend":51,"storage1":20,"storage2":20,"storage3":23}}
{"TracerIdentity":"storage1","TraceID":5456747827838441211,"Tag":"StoragePut","Body":{"StorageID":"","Key":"key1","Value":"value2"},"VectorClock":{"client1":14,"client2":5,"frontend":52,"storage1":22,"storage2":20,"storage3":20}}
{"TracerIdentity":"storage2","TraceID":5456747827838441211,"Tag":"GenerateTokenTrace","Body":{"Token":"qHN0b3JhZ2Uyz0u6Qz0DMdb7hqdjbGllbnQxDqhzdG9yYWdlMRSoc3RvcmFnZTMUp2NsaWVudDIFqHN0b3JhZ2UyGKhmcm9udGVuZDI="},"VectorClock":{"client1":14,"client2":5,"frontend":50,"storage1":20,"storage2":24,"storage3":20}}
{"TracerIdentity":"storage3","TraceID":5456747827838441211,"Tag":"GenerateTokenTrace","Body":{"Token":"qHN0b3JhZ2Uzz0u6Qz0DMdb7hqhzdG9yYWdlMxioZnJvbnRlbmQzp2NsaWVudDEOqHN0b3JhZ2UyFKhzdG9yYWdlMRSnY2xpZW50MgU="},"VectorClock":{"client1":14,"client2":5,"frontend":51,"storage1":20,"storage2":20,"storage3":24}}
{"TracerIdentity":"storage1","TraceID":5456747827838441211,"Tag":"StorageSaveData","Body":{"StorageID":"","Key":"key1","Value":"value2"},"VectorClock":{"client1":14,"client2":5,"frontend":52,"storage1":23,"storage2":20,"storage3":20}}
{"TracerIdentity":"storage1","TraceID":5456747827838441211,"Tag":"GenerateTokenTrace","Body":{"Token":"qHN0b3JhZ2Uxz0u6Qz0DMdb7hqdjbGllbnQyBahzdG9yYWdlMRioZnJvbnRlbmQ0p2NsaWVudDEOqHN0b3JhZ2UyFKhzdG9yYWdlMxQ="},"VectorClock":{"client1":14,"client2":5,"frontend":52,"storage1":24,"storage2":20,"storage3":20}}
{"TracerIdentity":"frontend","TraceID":5456747827838441211,"Tag":"ReceiveTokenTrace","Body":{"Token":"qHN0b3JhZ2Uyz0u6Qz0DMdb7hqdjbGllbnQxDqhzdG9yYWdlMRSoc3RvcmFnZTMUp2NsaWVudDIFqHN0b3JhZ2UyGKhmcm9udGVuZDI="},"VectorClock":{"client1":14,"client2":5,"frontend":53,"storage1":20,"storage2":24,"storage3":20}}
{"TracerIdentity":"frontend","TraceID":5456747827838441211,"Tag":"ReceiveTokenTrace","Body":{"Token":"qHN0b3JhZ2Uzz0u6Qz0DMdb7hqhzdG9yYWdlMxioZnJvbnRlbmQzp2NsaWVudDEOqHN0b3JhZ2UyFKhzdG9yYWdlMRSnY2xpZW50MgU="},"VectorClock":{"client1":14,"client2":5,"frontend":54,"storage1":20,"storage2":24,"storage3":24}}
{"TracerIdentity":"frontend","TraceID":5456747827838441211,"Tag":"ReceiveTokenTrace","Body":{"Token":"qHN0b3JhZ2Uxz0u6Qz0DMdb7hqdjbGllbnQyBahzdG9yYWdlMRioZnJvbnRlbmQ0p2NsaWVudDEOqHN0b3JhZ2UyFKhzdG9yYWdlMxQ="},"VectorClock":{"client1":14,"client2":5,"frontend":55,"storage1":24,"storage2":24,"storage3":24}}
{"TracerIdentity":"frontend","TraceID":5456747827838441211,"Tag":"FrontEndPutResult","Body":{"Err":false},"VectorClock":{"client1":14,"client2":5,"frontend":56,"storage1":24,"storage2":24,"storage3":24}}
{"TracerIdentity":"frontend","TraceID":5456747827838441211,"Tag":"GenerateTokenTrace","Body":{"Token":"qGZyb250ZW5kz0u6Qz0DMdb7hqhzdG9yYWdlMhioc3RvcmFnZTEYqHN0b3JhZ2UzGKdjbGllbnQyBahmcm9udGVuZDmnY2xpZW50MQ4="},"VectorClock":{"client1":14,"client2":5,"frontend":57,"storage1":24,"storage2":24,"storage3":24}}
{"TracerIdentity":"frontend","TraceID":2798797181729501876,"Tag":"ReceiveTokenTrace","Body":{"Token":"p2NsaWVudDHPJtdTNUdZ8rSBp2NsaWVudDER"},"VectorClock":{"client1":17,"client2":5,"frontend":58,"storage1":24,"storage2":24,"storage3":24}}
{"TracerIdentity":"frontend","TraceID":2798797181729501876,"Tag":"FrontEndGet","Body":{"Key":"key1"},"VectorClock":{"client1":17,"client2":5,"frontend":59,"storage1":24,"storage2":24,"storage3":24}}
{"TracerIdentity":"client2","TraceID":5456747827838441211,"Tag":"ReceiveTokenTrace","Body":{"Token":"qGZyb250ZW5kz0u6Qz0DMdb7hqhzdG9yYWdlMhioc3RvcmFnZTEYqHN0b3JhZ2UzGKdjbGllbnQyBahmcm9udGVuZDmnY2xpZW50MQ4="},"VectorClock":{"client1":14,"client2":6,"frontend":57,"storage1":24,"storage2":24,"storage3":24}}
{"TracerIdentity":"client2","TraceID":5456747827838441211,"Tag":"KvslibPutResult","Body":{"OpId":0,"Err":false},"VectorClock":{"client1":14,"client2":7,"frontend":57,"storage1":24,"storage2":24,"storage3":24}}
{"TracerIdentity":"frontend","TraceID":2798797181729501876,"Tag":"GenerateTokenTrace","Body":{"Token":"qGZyb250ZW5kzybXUzVHWfK0hqhzdG9yYWdlMxinY2xpZW50MgWoZnJvbnRlbmQ8p2NsaWVudDERqHN0b3JhZ2UyGKhzdG9yYWdlMRg="},"VectorClock":{"client1":17,"client2":5,"frontend":60,"storage1":24,"storage2":24,"storage3":24}}
{"TracerIdentity":"frontend","TraceID":2798797181729501876,"Tag":"GenerateTokenTrace","Body":{"Token":"qGZyb250ZW5kzybXUzVHWfK0hqhzdG9yYWdlMxinY2xpZW50MgWoZnJvbnRlbmQ9p2NsaWVudDERqHN0b3JhZ2UyGKhzdG9yYWdlMRg="},"VectorClock":{"client1":17,"client2":5,"frontend":61,"storage1":24,"storage2":24,"storage3":24}}
{"TracerIdentity":"frontend","TraceID":2798797181729501876,"Tag":"GenerateTokenTrace","Body":{"Token":"qGZyb250ZW5kzybXUzVHWfK0hqhzdG9yYWdlMhioc3RvcmFnZTEYqHN0b3JhZ2UzGKdjbGllbnQyBahmcm9udGVuZD6nY2xpZW50MRE="},"VectorClock":{"client1":17,"client2":5,"frontend":62,"storage1":24,"storage2":24,"storage3":24}}
{"TracerIdentity":"storage3","TraceID":2798797181729501876,"Tag":"ReceiveTokenTrace","Body":{"Token":"qGZyb250ZW5kzybXUzVHWfK0hqhzdG9yYWdlMxinY2xpZW50MgWoZnJvbnRlbmQ8p2NsaWVudDERqHN0b3JhZ2UyGKhzdG9yYWdlMRg="},"VectorClock":{"client1":17,"client2":5,"frontend":60,"storage1":24,"storage2":24,"storage3":25}}
{"TracerIdentity":"storage2","TraceID":2798797181729501876,"Tag":"ReceiveTokenTrace","Body":{"Token":"qGZyb250ZW5kzybXUzVHWfK0hqhzdG9yYWdlMxinY2xpZW50MgWoZnJvbnRlbmQ9p2NsaWVudDERqHN0b3JhZ2UyGKhzdG9yYWdlMRg="},"VectorClock":{"client1":17,"client2":5,"frontend":61,"storage1":24,"storage2":25,"storage3":24}}
{"TracerIdentity":"storage3","TraceID":2798797181729501876,"Tag":"StorageGet","Body":{"StorageID":"","Key":"key1"},"VectorClock":{"client1":17,"client2":5,"frontend":60,"storage1":24,"storage2":24,"storage3":26}}
{"TracerIdentity":"storage2","TraceID":2798797181729501876,"Tag":"StorageGet","Body":{"StorageID":"","Key":"key1"},"VectorClock":{"client1":17,"client2":5,"frontend":61,"storage1":24,"storage2":26,"storage3":24}}
{"TracerIdentity":"storage1","TraceID":2798797181729501876,"Tag":"ReceiveTokenTrace","Body":{"Token":"qGZyb250ZW5kzybXUzVHWfK0hqhzdG9yYWdlMhioc3RvcmFnZTEYqHN0b3JhZ2UzGKdjbGllbnQyBahmcm9udGVuZD6nY2xpZW50MRE="},"VectorClock":{"client1":17,"client2":5,"frontend":62,"storage1":25,"storage2":24,"storage3":24}}
{"TracerIdentity":"storage3","TraceID":2798797181729501876,"Tag":"StorageGetResult","Body":{"StorageID":"","Key":"key1","Value":"value2"},"VectorClock":{"client1":17,"client2":5,"frontend":60,"storage1":24,"storage2":24,"storage3":27}}
{"TracerIdentity":"storage2","TraceID":2798797181729501876,"Tag":"StorageGetResult","Body":{"StorageID":"","Key":"key1","Value":"value2"},"VectorClock":{"client1":17,"client2":5,"frontend":61,"storage1":24,"storage2":27,"storage3":24}}
{"TracerIdentity":"storage1","TraceID":2798797181729501876,"Tag":"StorageGet","Body":{"StorageID":"","Key":"key1"},"VectorClock":{"client1":17,"client2":5,"frontend":62,"storage1":26,"storage2":24,"storage3":24}}
{"TracerIdentity":"storage2","TraceID":2798797181729501876,"Tag":"GenerateTokenTrace","Body":{"Token":"qHN0b3JhZ2UyzybXUzVHWfK0hqhzdG9yYWdlMxinY2xpZW50MgWoc3RvcmFnZTIcqGZyb250ZW5kPadjbGllbnQxEahzdG9yYWdlMRg="},"VectorClock":{"client1":17,"client2":5,"frontend":61,"storage1":24,"storage2":28,"storage3":24}}
{"TracerIdentity":"storage3","TraceID":2798797181729501876,"Tag":"GenerateTokenTrace","Body":{"Token":"qHN0b3JhZ2UzzybXUzVHWfK0hqhzdG9yYWdlMxyoZnJvbnRlbmQ8p2NsaWVudDERqHN0b3JhZ2UyGKhzdG9yYWdlMRinY2xpZW50MgU="},"VectorClock":{"client1":17,"client2":5,"frontend":60,"storage1":24,"storage2":24,"storage3":28}}
{"TracerIdentity":"storage1","TraceID":2798797181729501876,"Tag":"StorageGetResult","Body":{"StorageID":"","Key":"key1","Value":"value2"},"VectorClock":{"client1":17,"client2":5,"frontend":62,"storage1":27,"storage2":24,"storage3":24}}
{"TracerIdentity":"storage1","TraceID":2798797181729501876,"Tag":"GenerateTokenTrace","Body":{"Token":"qHN0b3JhZ2UxzybXUzVHWfK0hqhzdG9yYWdlMRyoZnJvbnRlbmQ+p2NsaWVudDERqHN0b3JhZ2UyGKhzdG9yYWdlMxinY2xpZW50MgU="},"VectorClock":{"client1":17,"client2":5,"frontend":62,"storage1":28,"storage2":24,"storage3":24}}
{"TracerIdentity":"frontend","TraceID":2798797181729501876,"Tag":"ReceiveTokenTrace","Body":{"Token":"qHN0b3JhZ2UyzybXUzVHWfK0hqhzdG9yYWdlMxinY2xpZW50MgWoc3RvcmFnZTIcqGZyb250ZW5kPadjbGllbnQxEahzdG9yYWdlMRg="},"VectorClock":{"client1":17,"client2":5,"frontend":63,"storage1":24,"storage2":28,"storage3":24}}
{"TracerIdentity":"frontend","TraceID":2798797181729501876,"Tag":"ReceiveTokenTrace","Body":{"Token":"qHN0b3JhZ2UzzybXUzVHWfK0hqhzdG9yYWdlMxyoZnJvbnRlbmQ8p2NsaWVudDERqHN0b3JhZ2UyGKhzdG9yYWdlMRinY2xpZW50MgU="},"VectorClock":{"client1":17,"client2":5,"frontend":64,"storage1":24,"storage2":28,"storage3":28}}
{"TracerIdentity":"frontend","TraceID":2798797181729501876,"Tag":"ReceiveTokenTrace","Body":{"Token":"qHN0b3JhZ2UxzybXUzVHWfK0hqhzdG9yYWdlMRyoZnJvbnRlbmQ+p2NsaWVudDERqHN0b3JhZ2UyGKhzdG9yYWdlMxinY2xpZW50MgU="},"VectorClock":{"client1":17,"client2":5,"frontend":65,"storage1":28,"storage2":28,"storage3":28}}
{"TracerIdentity":"frontend","TraceID":2798797181729501876,"Tag":"FrontEndGetResult","Body":{"Key":"key1","Value":"value2","Err":false},"VectorClock":{"client1":17,"client2":5,"frontend":66,"storage1":28,"storage2":28,"storage3":28}}
{"TracerIdentity":"frontend","TraceID":2798797181729501876,"Tag":"GenerateTokenTrace","Body":{"Token":"qGZyb250ZW5kzybXUzVHWfK0hqhmcm9udGVuZEOnY2xpZW50MRGoc3RvcmFnZTIcqHN0b3JhZ2UxHKhzdG9yYWdlMxynY2xpZW50MgU="},"VectorClock":{"client1":17,"client2":5,"frontend":67,"storage1":28,"storage2":28,"storage3":28}}
{"TracerIdentity":"client1","TraceID":2798797181729501876,"Tag":"ReceiveTokenTrace","Body":{"Token":"qGZyb250ZW5kzybXUzVHWfK0hqhmcm9udGVuZEOnY2xpZW50MRGoc3RvcmFnZTIcqHN0b3JhZ2UxHKhzdG9yYWdlMxynY2xpZW50MgU="},"VectorClock":{"client1":26,"client2":5,"frontend":67,"storage1":28,"storage2":28,"storage3":28}}
{"TracerIdentity":"client1","TraceID":2798797181729501876,"Tag":"KvslibGetResult","Body":{"OpId":4,"Key":"key1","Value":"value2","Err":false},"VectorClock":{"client1":27,"client2":5,"frontend":67,"storage1":28,"storage2":28,"storage3":28}}
{"TracerIdentity":"client2","TraceID":2628484913391082636,"Tag":"CreateTrace","Body":{},"VectorClock":{"client1":14,"client2":8,"frontend":57,"storage1":24,"storage2":24,"storage3":24}}
{"TracerIdentity":"client2","TraceID":2628484913391082636,"Tag":"KvslibGet","Body":{"ClientId":"client2","OpId":1,"Key":"key1"},"VectorClock":{"client1":14,"client2":9,"frontend":57,"storage1":24,"storage2":24,"storage3":24}}
{"TracerIdentity":"client2","TraceID":2628484913391082636,"Tag":"GenerateTokenTrace","Body":{"Token":"p2NsaWVudDLPJHpBGjgmHIyGqHN0b3JhZ2UzGKdjbGllbnQyCqhmcm9udGVuZDmnY2xpZW50MQ6oc3RvcmFnZTIYqHN0b3JhZ2UxGA=="},"VectorClock":{"client1":14,"client2":10,"frontend":57,"storage1":24,"storage2":24,"storage3":24}}
{"TracerIdentity":"client1","TraceID":8909789087666056573,"Tag":"CreateTrace","Body":{},"VectorClock":{"client1":28,"client2":5,"frontend":67,"storage1":28,"storage2":28,"storage3":28}}
{"TracerIdentity":"frontend","TraceID":2628484913391082636,"Tag":"ReceiveTokenTrace","Body":{"Token":"p2NsaWVudDLPJHpBGjgmHIyGqHN0b3JhZ2UzGKdjbGllbnQyCqhmcm9udGVuZDmnY2xpZW50MQ6oc3RvcmFnZTIYqHN0b3JhZ2UxGA=="},"VectorClock":{"client1":17,"client2":10,"frontend":68,"storage1":28,"storage2":28,"storage3":28}}
{"TracerIdentity":"client1","TraceID":8909789087666056573,"Tag":"KvslibPut","Body":{"ClientId":"client1","OpId":5,"Key":"key2","Value":"value2"},"VectorClock":{"client1":29,"client2":5,"frontend":67,"storage1":28,"storage2":28,"storage3":28}}
{"TracerIdentity":"frontend","TraceID":2628484913391082636,"Tag":"FrontEndGet","Body":{"Key":"key1"},"VectorClock":{"client1":17,"client2":10,"frontend":69,"storage1":28,"storage2":28,"storage3":28}}
{"TracerIdentity":"client1","TraceID":8909789087666056573,"Tag":"GenerateTokenTrace","Body":{"Token":"p2NsaWVudDHPe6Xt+Bn8rX2GqGZyb250ZW5kQ6hzdG9yYWdlMhyoc3RvcmFnZTEcp2NsaWVudDIFp2NsaWVudDEeqHN0b3JhZ2UzHA=="},"VectorClock":{"client1":30,"client2":5,"frontend":67,"storage1":28,"storage2":28,"storage3":28}}
{"TracerIdentity":"client2","TraceID":1760086807122259163,"Tag":"CreateTrace","Body":{},"VectorClock":{"client1":14,"client2":11,"frontend":57,"storage1":24,"storage2":24,"storage3":24}}
{"TracerIdentity":"frontend","TraceID":2628484913391082636,"Tag":"GenerateTokenTrace","Body":{"Token":"qGZyb250ZW5kzyR6QRo4JhyMhqhzdG9yYWdlMxynY2xpZW50MgqoZnJvbnRlbmRGp2NsaWVudDERqHN0b3JhZ2UyHKhzdG9yYWdlMRw="},"VectorClock":{"client1":17,"client2":10,"frontend":70,"storage1":28,"storage2":28,"storage3":28}}
{"TracerIdentity":"client2","TraceID":1760086807122259163,"Tag":"KvslibGet","Body":{"ClientId":"client2","OpId":2,"Key":"key2"},"VectorClock":{"client1":14,"client2":12,"frontend":57,"storage1":24,"storage2":24,"storage3":24}}
{"TracerIdentity":"frontend","TraceID":2628484913391082636,"Tag":"GenerateTokenTrace","Body":{"Token":"qGZyb250ZW5kzyR6QRo4JhyMhqhmcm9udGVuZEenY2xpZW50MRGoc3RvcmFnZTIcqHN0b3JhZ2UxHKhzdG9yYWdlMxynY2xpZW50Mgo="},"VectorClock":{"client1":17,"client2":10,"frontend":71,"storage1":28,"storage2":28,"storage3":28}}
{"TracerIdentity":"client2","TraceID":1760086807122259163,"Tag":"GenerateTokenTrace","Body":{"Token":"p2NsaWVudDLPGG0VoDBfrNuGqHN0b3JhZ2UyGKhzdG9yYWdlMRioc3RvcmFnZTMYp2NsaWVudDINqGZyb250ZW5kOadjbGllbnQxDg=="},"VectorClock":{"client1":14,"client2":13,"frontend":57,"storage1":24,"storage2":24,"storage3":24}}
{"TracerIdentity":"frontend","TraceID":2628484913391082636,"Tag":"GenerateTokenTrace","Body":{"Token":"qGZyb250ZW5kzyR6QRo4JhyMhqhzdG9yYWdlMxynY2xpZW50MgqoZnJvbnRlbmRIp2NsaWVudDERqHN0b3JhZ2UyHKhzdG9yYWdlMRw="},"VectorClock":{"client1":17,"client2":10,"frontend":72,"storage1":28,"storage2":28,"storage3":28}}
{"TracerIdentity":"storage3","TraceID":2628484913391082636,"Tag":"ReceiveTokenTrace","Body":{"Token":"qGZyb250ZW5kzyR6QRo4JhyMhqhzdG9yYWdlMxynY2xpZW50MgqoZnJvbnRlbmRGp2NsaWVudDERqHN0b3JhZ2UyHKhzdG9yYWdlMRw="},"VectorClock":{"client1":17,"client2":10,"frontend":70,"storage1":28,"storage2":28,"storage3":29}}
{"TracerIdentity":"client2","TraceID":608969951075272878,"Tag":"CreateTrace","Body":{},"VectorClock":{"client1":14,"client2":14,"frontend":57,"storage1":24,"storage2":24,"storage3":24}}
{"TracerIdentity":"client2","TraceID":608969951075272878,"Tag":"KvslibGet","Body":{"ClientId":"client2","OpId":3,"Key":"key3"},"VectorClock":{"client1":14,"client2":15,"frontend":57,"storage1":24,"storage2":24,"storage3":24}}
{"TracerIdentity":"storage3","TraceID":2628484913391082636,"Tag":"StorageGet","Body":{"StorageID":"","Key":"key1"},"VectorClock":{"client1":17,"client2":10,"frontend":70,"storage1":28,"storage2":28,"storage3":30}}
{"TracerIdentity":"storage2","TraceID":2628484913391082636,"Tag":"ReceiveTokenTrace","Body":{"Token":"qGZyb250ZW5kzyR6QRo4JhyMhqhmcm9udGVuZEenY2xpZW50MRGoc3RvcmFnZTIcqHN0b3JhZ2UxHKhzdG9yYWdlMxynY2xpZW50Mgo="},"VectorClock":{"client1":17,"client2":10,"frontend":71,"storage1":28,"storage2":29,"storage3":28}}
{"TracerIdentity":"storage1","TraceID":2628484913391082636,"Tag":"ReceiveTokenTrace","Body":{"Token":"qGZyb250ZW5kzyR6QRo4JhyMhqhzdG9yYWdlMxynY2xpZW50MgqoZnJvbnRlbmRIp2NsaWVudDERqHN0b3JhZ2UyHKhzdG9yYWdlMRw="},"VectorClock":{"client1":17,"client2":10,"frontend":72,"storage1":29,"storage2":28,"storage3":28}}
{"TracerIdentity":"client2","TraceID":608969951075272878,"Tag":"GenerateTokenTrace","Body":{"Token":"p2NsaWVudDLPCHN+8ay6iK6GqHN0b3JhZ2UzGKdjbGllbnQyEKhmcm9udGVuZDmnY2xpZW50MQ6oc3RvcmFnZTIYqHN0b3JhZ2UxGA=="},"VectorClock":{"client1":14,"client2":16,"frontend":57,"storage1":24,"storage2":24,"storage3":24}}
{"TracerIdentity":"storage3","TraceID":2628484913391082636,"Tag":"StorageGetResult","Body":{"StorageID":"","Key":"key1","Value":"value2"},"VectorClock":{"client1":17,"client2":10,"frontend":70,"storage1":28,"storage2":28,"storage3":31}}
{"TracerIdentity":"storage2","TraceID":2628484913391082636,"Tag":"StorageGet","Body":{"StorageID":"","Key":"key1"},"VectorClock":{"client1":17,"client2":10,"frontend":71,"storage1":28,"storage2":30,"storage3":28}}
{"TracerIdentity":"storage1","TraceID":2628484913391082636,"Tag":"StorageGet","Body":{"StorageID":"","Key":"key1"},"VectorClock":{"client1":17,"client2":10,"frontend":72,"storage1":30,"storage2":28,"storage3":28}}
{"TracerIdentity":"storage3","TraceID":2628484913391082636,"Tag":"GenerateTokenTrace","Body":{"Token":"qHN0b3JhZ2UzzyR6QRo4JhyMhqhzdG9yYWdlMyCoZnJvbnRlbmRGp2NsaWVudDERqHN0b3JhZ2UyHKhzdG9yYWdlMRynY2xpZW50Mgo="},"VectorClock":{"client1":17,"client2":10,"frontend":70,"storage1":28,"storage2":28,"storage3":32}}
{"TracerIdentity":"storage2","TraceID":2628484913391082636,"Tag":"StorageGetResult","Body":{"StorageID":"","Key":"key1","Value":"value2"},"VectorClock":{"client1":17,"client2":10,"frontend":71,"storage1":28,"storage2":31,"storage3":28}}
{"TracerIdentity":"storage1","TraceID":2628484913391082636,"Tag":"StorageGetResult","Body":{"StorageID":"","Key":"key1","Value":"value2"},"VectorClock":{"client1":17,"client2":10,"frontend":72,"storage1":31,"storage2":28,"storage3":28}}
{"TracerIdentity":"storage2","TraceID":2628484913391082636,"Tag":"GenerateTokenTrace","Body":{"Token":"qHN0b3JhZ2UyzyR6QRo4JhyMhqhzdG9yYWdlMiCoZnJvbnRlbmRHp2NsaWVudDERqHN0b3JhZ2UxHKhzdG9yYWdlMxynY2xpZW50Mgo="},"VectorClock":{"client1":17,"client2":10,"frontend":71,"storage1":28,"storage2":32,"storage3":28}}
{"TracerIdentity":"storage1","TraceID":2628484913391082636,"Tag":"GenerateTokenTrace","Body":{"Token":"qHN0b3JhZ2UxzyR6QRo4JhyMhqhzdG9yYWdlMxynY2xpZW50Mgqoc3RvcmFnZTEgqGZyb250ZW5kSKdjbGllbnQxEahzdG9yYWdlMhw="},"VectorClock":{"client1":17,"client2":10,"frontend":72,"storage1":32,"storage2":28,"storage3":28}}
{"TracerIdentity":"frontend","TraceID":2628484913391082636,"Tag":"ReceiveTokenTrace","Body":{"Token":"qHN0b3JhZ2UzzyR6QRo4JhyMhqhzdG9yYWdlMyCoZnJvbnRlbmRGp2NsaWVudDERqHN0b3JhZ2UyHKhzdG9yYWdlMRynY2xpZW50Mgo="},"VectorClock":{"client1":17,"client2":10,"frontend":73,"storage1":28,"storage2":28,"storage3":32}}
{"TracerIdentity":"frontend","TraceID":2628484913391082636,"Tag":"ReceiveTokenTrace","Body":{"Token":"qHN0b3JhZ2UyzyR6QRo4JhyMhqhzdG9yYWdlMiCoZnJvbnRlbmRHp2NsaWVudDERqHN0b3JhZ2UxHKhzdG9yYWdlMxynY2xpZW50Mgo="},"VectorClock":{"client1":17,"client2":10,"frontend":74,"storage1":28,"storage2":32,"storage3":32}}
{"TracerIdentity":"frontend","TraceID":2628484913391082636,"Tag":"ReceiveTokenTrace","Body":{"Token":"qHN0b3JhZ2UxzyR6QRo4JhyMhqhzdG9yYWdlMxynY2xpZW50Mgqoc3RvcmFnZTEgqGZyb250ZW5kSKdjbGllbnQxEahzdG9yYWdlMhw="},"VectorClock":{"client1":17,"client2":10,"frontend":75,"storage1":32,"storage2":32,"storage3":32}}
{"TracerIdentity":"frontend","TraceID":2628484913391082636,"Tag":"FrontEndGetResult","Body":{"Key":"key1","Value":"value2","Err":false},"VectorClock":{"client1":17,"client2":10,"frontend":76,"storage1":32,"storage2":32,"storage3":32}}
{"TracerIdentity":"frontend","TraceID":2628484913391082636,"Tag":"GenerateTokenTrace","Body":{"Token":"qGZyb250ZW5kzyR6QRo4JhyMhqhzdG9yYWdlMSCoc3RvcmFnZTMgp2NsaWVudDIKqGZyb250ZW5kTadjbGllbnQxEahzdG9yYWdlMiA="},"VectorClock":{"client1":17,"client2":10,"frontend":77,"storage1":32,"storage2":32,"storage3":32}}
{"TracerIdentity":"frontend","TraceID":8909789087666056573,"Tag":"ReceiveTokenTrace","Body":{"Token":"p2NsaWVudDHPe6Xt+Bn8rX2GqGZyb250ZW5kQ6hzdG9yYWdlMhyoc3RvcmFnZTEcp2NsaWVudDIFp2NsaWVudDEeqHN0b3JhZ2UzHA=="},"VectorClock":{"client1":30,"client2":10,"frontend":78,"storage1":32,"storage2":32,"storage3":32}}
{"TracerIdentity":"client2","TraceID":2628484913391082636,"Tag":"ReceiveTokenTrace","Body":{"Token":"qGZyb250ZW5kzyR6QRo4JhyMhqhzdG9yYWdlMSCoc3RvcmFnZTMgp2NsaWVudDIKqGZyb250ZW5kTadjbGllbnQxEahzdG9yYWdlMiA="},"VectorClock":{"client1":17,"client2":17,"frontend":77,"storage1":32,"storage2":32,"storage3":32}}
{"TracerIdentity":"frontend","TraceID":8909789087666056573,"Tag":"FrontEndPut","Body":{"Key":"key2","Value":"value2"},"VectorClock":{"client1":30,"client2":10,"frontend":79,"storage1":32,"storage2":32,"storage3":32}}
{"TracerIdentity":"client2","TraceID":2628484913391082636,"Tag":"KvslibGetResult","Body":{"OpId":1,"Key":"key1","Value":"value2","Err":false},"VectorClock":{"client1":17,"client2":18,"frontend":77,"storage1":32,"storage2":32,"storage3":32}}
{"TracerIdentity":"frontend","TraceID":8909789087666056573,"Tag":"GenerateTokenTrace","Body":{"Token":"qGZyb250ZW5kz3ul7fgZ/K19hqdjbGllbnQyCqhmcm9udGVuZFCnY2xpZW50MR6oc3RvcmFnZTIgqHN0b3JhZ2UxIKhzdG9yYWdlMyA="},"VectorClock":{"client1":30,"client2":10,"frontend":80,"storage1":32,"storage2":32,"storage3":32}}
{"TracerIdentity":"frontend","TraceID":8909789087666056573,"Tag":"GenerateTokenTrace","Body":{"Token":"qGZyb250ZW5kz3ul7fgZ/K19hqhzdG9yYWdlMyCnY2xpZW50MgqoZnJvbnRlbmRRp2NsaWVudDEeqHN0b3JhZ2UyIKhzdG9yYWdlMSA="},"VectorClock":{"client1":30,"client2":10,"frontend":81,"storage1":32,"storage2":32,"storage3":32}}
{"TracerIdentity":"frontend","TraceID":8909789087666056573,"Tag":"GenerateTokenTrace","Body":{"Token":"qGZyb250ZW5kz3ul7fgZ/K19hqdjbGllbnQyCqhmcm9udGVuZFKnY2xpZW50MR6oc3RvcmFnZTIgqHN0b3JhZ2UxIKhzdG9yYWdlMyA="},"VectorClock":{"client1":30,"client2":10,"frontend":82,"storage1":32,"storage2":32,"storage3":32}}
{"TracerIdentity":"storage3","TraceID":8909789087666056573,"Tag":"ReceiveTokenTrace","Body":{"Token":"qGZyb250ZW5kz3ul7fgZ/K19hqdjbGllbnQyCqhmcm9udGVuZFCnY2xpZW50MR6oc3RvcmFnZTIgqHN0b3JhZ2UxIKhzdG9yYWdlMyA="},"VectorClock":{"client1":30,"client2":10,"frontend":80,"storage1":32,"storage2":32,"storage3":33}}
{"TracerIdentity":"storage2","TraceID":8909789087666056573,"Tag":"ReceiveTokenTrace","Body":{"Token":"qGZyb250ZW5kz3ul7fgZ/K19hqhzdG9yYWdlMyCnY2xpZW50MgqoZnJvbnRlbmRRp2NsaWVudDEeqHN0b3JhZ2UyIKhzdG9yYWdlMSA="},"VectorClock":{"client1":30,"client2":10,"frontend":81,"storage1":32,"storage2":33,"storage3":32}}
{"TracerIdentity":"storage3","TraceID":8909789087666056573,"Tag":"StoragePut","Body":{"StorageID":"","Key":"key2","Value":"value2"},"VectorClock":{"client1":30,"client2":10,"frontend":80,"storage1":32,"storage2":32,"storage3":34}}
{"TracerIdentity":"storage2","TraceID":8909789087666056573,"Tag":"StoragePut","Body":{"StorageID":"","Key":"key2","Value":"value2"},"VectorClock":{"client1":30,"client2":10,"frontend":81,"storage1":32,"storage2":34,"storage3":32}}
{"TracerIdentity":"storage1","TraceID":8909789087666056573,"Tag":"ReceiveTokenTrace","Body":{"Token":"qGZyb250ZW5kz3ul7fgZ/K19hqdjbGllbnQyCqhmcm9udGVuZFKnY2xpZW50MR6oc3RvcmFnZTIgqHN0b3JhZ2UxIKhzdG9yYWdlMyA="},"VectorClock":{"client1":30,"client2":10,"frontend":82,"storage1":33,"storage2":32,"storage3":32}}
{"TracerIdentity":"storage3","TraceID":8909789087666056573,"Tag":"StorageSaveData","Body":{"StorageID":"","Key":"key2","Value":"value2"},"VectorClock":{"client1":30,"client2":10,"frontend":80,"storage1":32,"storage2":32,"storage3":35}}
{"TracerIdentity":"storage1","TraceID":8909789087666056573,"Tag":"StoragePut","Body":{"StorageID":"","Key":"key2","Value":"value2"},"VectorClock":{"client1":30,"client2":10,"frontend":82,"storage1":34,"storage2":32,"storage3":32}}
{"TracerIdentity":"storage2","TraceID":8909789087666056573,"Tag":"StorageSaveData","Body":{"StorageID":"","Key":"key2","Value":"value2"},"VectorClock":{"client1":30,"client2":10,"frontend":81,"storage1":32,"storage2":35,"storage3":32}}
{"TracerIdentity":"storage3","TraceID":8909789087666056573,"Tag":"GenerateTokenTrace","Body":{"Token":"qHN0b3JhZ2Uzz3ul7fgZ/K19hqdjbGllbnQyCqhzdG9yYWdlMySoZnJvbnRlbmRQp2NsaWVudDEeqHN0b3JhZ2UyIKhzdG9yYWdlMSA="},"VectorClock":{"client1":30,"client2":10,"frontend":80,"storage1":32,"storage2":32,"storage3":36}}
{"TracerIdentity":"storage2","TraceID":8909789087666056573,"Tag":"GenerateTokenTrace","Body":{"Token":"qHN0b3JhZ2Uyz3ul7fgZ/K19hqhzdG9yYWdlMSCoc3RvcmFnZTMgp2NsaWVudDIKqHN0b3JhZ2UyJKhmcm9udGVuZFGnY2xpZW50MR4="},"VectorClock":{"client1":30,"client2":10,"frontend":81,"storage1":32,"storage2":36,"storage3":32}}
{"TracerIdentity":"storage1","TraceID":8909789087666056573,"Tag":"StorageSaveData","Body":{"StorageID":"","Key":"key2","Value":"value2"},"VectorClock":{"client1":30,"client2":10,"frontend":82,"storage1":35,"storage2":32,"storage3":32}}
{"TracerIdentity":"storage1","TraceID":8909789087666056573,"Tag":"GenerateTokenTrace","Body":{"Token":"qHN0b3JhZ2Uxz3ul7fgZ/K19hqdjbGllbnQxHqhzdG9yYWdlMiCoc3RvcmFnZTMgp2NsaWVudDIKqHN0b3JhZ2UxJKhmcm9udGVuZFI="},"VectorClock":{"client1":30,"client2":10,"frontend":82,"storage1":36,"storage2":32,"storage3":32}}
{"TracerIdentity":"frontend","TraceID":8909789087666056573,"Tag":"ReceiveTokenTrace","Body":{"Token":"qHN0b3JhZ2Uyz3ul7fgZ/K19hqhzdG9yYWdlMSCoc3RvcmFnZTMgp2NsaWVudDIKqHN0b3JhZ2UyJKhmcm9udGVuZFGnY2xpZW50MR4="},"VectorClock":{"client1":30,"client2":10,"frontend":83,"storage1":32,"storage2":36,"storage3":32}}
{"TracerIdentity":"frontend","TraceID":8909789087666056573,"Tag":"ReceiveTokenTrace","Body":{"Token":"qHN0b3JhZ2Uzz3ul7fgZ/K19hqdjbGllbnQyCqhzdG9yYWdlMySoZnJvbnRlbmRQp2NsaWVudDEeqHN0b3JhZ2UyIKhzdG9yYWdlMSA="},"VectorClock":{"client1":30,"client2":10,"frontend":84,"storage1":32,"storage2":36,"storage3":36}}
{"TracerIdentity":"frontend","TraceID":8909789087666056573,"Tag":"ReceiveTokenTrace","Body":{"Token":"qHN0b3JhZ2Uxz3ul7fgZ/K19hqdjbGllbnQxHqhzdG9yYWdlMiCoc3RvcmFnZTMgp2NsaWVudDIKqHN0b3JhZ2UxJKhmcm9udGVuZFI="},"VectorClock":{"client1":30,"client2":10,"frontend":85,"storage1":36,"storage2":36,"storage3":36}}
{"TracerIdentity":"frontend","TraceID":8909789087666056573,"Tag":"FrontEndPutResult","Body":{"Err":false},"VectorClock":{"client1":30,"client2":10,"frontend":86,"storage1":36,"storage2":36,"storage3":36}}
{"TracerIdentity":"frontend","TraceID":8909789087666056573,"Tag":"GenerateTokenTrace","Body":{"Token":"qGZyb250ZW5kz3ul7fgZ/K19hqdjbGllbnQyCqhmcm9udGVuZFenY2xpZW50MR6oc3RvcmFnZTIkqHN0b3JhZ2UxJKhzdG9yYWdlMyQ="},"VectorClock":{"client1":30,"client2":10,"frontend":87,"storage1":36,"storage2":36,"storage3":36}}
{"TracerIdentity":"frontend","TraceID":1760086807122259163,"Tag":"ReceiveTokenTrace","Body":{"Token":"p2NsaWVudDLPGG0VoDBfrNuGqHN0b3JhZ2UyGKhzdG9yYWdlMRioc3RvcmFnZTMYp2NsaWVudDINqGZyb250ZW5kOadjbGllbnQxDg=="},"VectorClock":{"client1":30,"client2":13,"frontend":88,"storage1":36,"storage2":36,"storage3":36}}
{"TracerIdentity":"frontend","TraceID":1760086807122259163,"Tag":"FrontEndGet","Body":{"Key":"key2"},"VectorClock":{"client1":30,"client2":13,"frontend":89,"storage1":36,"storage2":36,"storage3":36}}
{"TracerIdentity":"client1","TraceID":8909789087666056573,"Tag":"ReceiveTokenTrace","Body":{"Token":"qGZyb250ZW5kz3ul7fgZ/K19hqdjbGllbnQyCqhmcm9udGVuZFenY2xpZW50MR6oc3RvcmFnZTIkqHN0b3JhZ2UxJKhzdG9yYWdlMyQ="},"VectorClock":{"client1":31,"client2":10,"frontend":87,"storage1":36,"storage2":36,"storage3":36}}
{"TracerIdentity":"client1","TraceID":8909789087666056573,"Tag":"KvslibPutResult","Body":{"OpId":5,"Err":false},"VectorClock":{"client1":32,"client2":10,"frontend":87,"storage1":36,"storage2":36,"storage3":36}}
{"TracerIdentity":"frontend","TraceID":1760086807122259163,"Tag":"GenerateTokenTrace","Body":{"Token":"qGZyb250ZW5kzxhtFaAwX6zbhqhzdG9yYWdlMySnY2xpZW50Mg2oZnJvbnRlbmRap2NsaWVudDEeqHN0b3JhZ2UyJKhzdG9yYWdlMSQ="},"VectorClock":{"client1":30,"client2":13,"frontend":90,"storage1":36,"storage2":36,"storage3":36}}
{"TracerIdentity":"frontend","TraceID":1760086807122259163,"Tag":"GenerateTokenTrace","Body":{"Token":"qGZyb250ZW5kzxhtFaAwX6zbhqhmcm9udGVuZFunY2xpZW50MR6oc3RvcmFnZTIkqHN0b3JhZ2UxJKhzdG9yYWdlMySnY2xpZW50Mg0="},"VectorClock":{"client1":30,"client2":13,"frontend":91,"storage1":36,"storage2":36,"storage3":36}}
{"TracerIdentity":"storage3","TraceID":1760086807122259163,"Tag":"ReceiveTokenTrace","Body":{"Token":"qGZyb250ZW5kzxhtFaAwX6zbhqhzdG9yYWdlMySnY2xpZW50Mg2oZnJvbnRlbmRap2NsaWVudDEeqHN0b3JhZ2UyJKhzdG9yYWdlMSQ="},"VectorClock":{"client1":30,"client2":13,"frontend":90,"storage1":36,"storage2":36,"storage3":37}}
{"TracerIdentity":"frontend","TraceID":1760086807122259163,"Tag":"GenerateTokenTrace","Body":{"Token":"qGZyb250ZW5kzxhtFaAwX6zbhqhzdG9yYWdlMiSoc3RvcmFnZTEkqHN0b3JhZ2UzJKdjbGllbnQyDahmcm9udGVuZFynY2xpZW50MR4="},"VectorClock":{"client1":30,"client2":13,"frontend":92,"storage1":36,"storage2":36,"storage3":36}}
{"TracerIdentity":"storage3","TraceID":1760086807122259163,"Tag":"StorageGet","Body":{"StorageID":"","Key":"key2"},"VectorClock":{"client1":30,"client2":13,"frontend":90,"storage1":36,"storage2":36,"storage3":38}}
{"TracerIdentity":"storage1","TraceID":1760086807122259163,"Tag":"ReceiveTokenTrace","Body":{"Token":"qGZyb250ZW5kzxhtFaAwX6zbhqhmcm9udGVuZFunY2xpZW50MR6oc3RvcmFnZTIkqHN0b3JhZ2UxJKhzdG9yYWdlMySnY2xpZW50Mg0="},"VectorClock":{"client1":30,"client2":13,"frontend":91,"storage1":37,"storage2":36,"storage3":36}}
{"TracerIdentity":"storage3","TraceID":1760086807122259163,"Tag":"StorageGetResult","Body":{"StorageID":"","Key":"key2","Value":"value2"},"VectorClock":{"client1":30,"client2":13,"frontend":90,"storage1":36,"storage2":36,"storage3":39}}
{"TracerIdentity":"storage1","TraceID":1760086807122259163,"Tag":"StorageGet","Body":{"StorageID":"","Key":"key2"},"VectorClock":{"client1":30,"client2":13,"frontend":91,"storage1":38,"storage2":36,"storage3":36}}
{"TracerIdentity":"storage2","TraceID":1760086807122259163,"Tag":"ReceiveTokenTrace","Body":{"Token":"qGZyb250ZW5kzxhtFaAwX6zbhqhzdG9yYWdlMiSoc3RvcmFnZTEkqHN0b3JhZ2UzJKdjbGllbnQyDahmcm9udGVuZFynY2xpZW50MR4="},"VectorClock":{"client1":30,"client2":13,"frontend":92,"storage1":36,"storage2":37,"storage3":36}}
{"TracerIdentity":"storage3","TraceID":1760086807122259163,"Tag":"GenerateTokenTrace","Body":{"Token":"qHN0b3JhZ2UzzxhtFaAwX6zbhqdjbGllbnQxHqhzdG9yYWdlMiSoc3RvcmFnZTEkp2NsaWVudDINqHN0b3JhZ2UzKKhmcm9udGVuZFo="},"VectorClock":{"client1":30,"client2":13,"frontend":90,"storage1":36,"storage2":36,"storage3":40}}
{"TracerIdentity":"storage1","TraceID":1760086807122259163,"Tag":"StorageGetResult","Body":{"StorageID":"","Key":"key2","Value":"value2"},"VectorClock":{"client1":30,"client2":13,"frontend":91,"storage1":39,"storage2":36,"storage3":36}}
{"TracerIdentity":"storage2","TraceID":1760086807122259163,"Tag":"StorageGet","Body":{"StorageID":"","Key":"key2"},"VectorClock":{"client1":30,"client2":13,"frontend":92,"storage1":36,"storage2":38,"storage3":36}}
{"TracerIdentity":"storage2","TraceID":1760086807122259163,"Tag":"StorageGetResult","Body":{"StorageID":"","Key":"key2","Value":"value2"},"VectorClock":{"client1":30,"client2":13,"frontend":92,"storage1":36,"storage2":39,"storage3":36}}
{"TracerIdentity":"storage1","TraceID":1760086807122259163,"Tag":"GenerateTokenTrace","Body":{"Token":"qHN0b3JhZ2UxzxhtFaAwX6zbhqhzdG9yYWdlMiSoc3RvcmFnZTMkp2NsaWVudDINqHN0b3JhZ2UxKKhmcm9udGVuZFunY2xpZW50MR4="},"VectorClock":{"client1":30,"client2":13,"frontend":91,"storage1":40,"storage2":36,"storage3":36}}
{"TracerIdentity":"frontend","TraceID":1760086807122259163,"Tag":"ReceiveTokenTrace","Body":{"Token":"qHN0b3JhZ2UzzxhtFaAwX6zbhqdjbGllbnQxHqhzdG9yYWdlMiSoc3RvcmFnZTEkp2NsaWVudDINqHN0b3JhZ2UzKKhmcm9udGVuZFo="},"VectorClock":{"client1":30,"client2":13,"frontend":93,"storage1":36,"storage2":36,"storage3":40}}
{"TracerIdentity":"storage2","TraceID":1760086807122259163,"Tag":"GenerateTokenTrace","Body":{"Token":"qHN0b3JhZ2UyzxhtFaAwX6zbhqhzdG9yYWdlMiioZnJvbnRlbmRcp2NsaWVudDEeqHN0b3JhZ2UxJKhzdG9yYWdlMySnY2xpZW50Mg0="},"VectorClock":{"client1":30,"client2":13,"frontend":92,"storage1":36,"storage2":40,"storage3":36}}
{"TracerIdentity":"frontend","TraceID":1760086807122259163,"Tag":"ReceiveTokenTrace","Body":{"Token":"qHN0b3JhZ2UxzxhtFaAwX6zbhqhzdG9yYWdlMiSoc3RvcmFnZTMkp2NsaWVudDINqHN0b3JhZ2UxKKhmcm9udGVuZFunY2xpZW50MR4="},"VectorClock":{"client1":30,"client2":13,"frontend":94,"storage1":40,"storage2":36,"storage3":40}}
{"TracerIdentity":"frontend","TraceID":1760086807122259163,"Tag":"ReceiveTokenTrace","Body":{"Token":"qHN0b3JhZ2UyzxhtFaAwX6zbhqhzdG9yYWdlMiioZnJvbnRlbmRcp2NsaWVudDEeqHN0b3JhZ2UxJKhzdG9yYWdlMySnY2xpZW50Mg0="},"VectorClock":{"client1":30,"client2":13,"frontend":95,"storage1":40,"storage2":40,"storage3":40}}
{"TracerIdentity":"frontend","TraceID":1760086807122259163,"Tag":"FrontEndGetResult","Body":{"Key":"key2","Value":"value2","Err":false},"VectorClock":{"client1":30,"client2":13,"frontend":96,"storage1":40,"storage2":40,"storage3":40}}
{"TracerIdentity":"frontend","TraceID":1760086807122259163,"Tag":"GenerateTokenTrace","Body":{"Token":"qGZyb250ZW5kzxhtFaAwX6zbhqhzdG9yYWdlMSioc3RvcmFnZTMop2NsaWVudDINqGZyb250ZW5kYadjbGllbnQxHqhzdG9yYWdlMig="},"VectorClock":{"client1":30,"client2":13,"frontend":97,"storage1":40,"storage2":40,"storage3":40}}
{"TracerIdentity":"frontend","TraceID":608969951075272878,"Tag":"ReceiveTokenTrace","Body":{"Token":"p2NsaWVudDLPCHN+8ay6iK6GqHN0b3JhZ2UzGKdjbGllbnQyEKhmcm9udGVuZDmnY2xpZW50MQ6oc3RvcmFnZTIYqHN0b3JhZ2UxGA=="},"VectorClock":{"client1":30,"client2":16,"frontend":98,"storage1":40,"storage2":40,"storage3":40}}
{"TracerIdentity":"client2","TraceID":1760086807122259163,"Tag":"ReceiveTokenTrace","Body":{"Token":"qGZyb250ZW5kzxhtFaAwX6zbhqhzdG9yYWdlMSioc3RvcmFnZTMop2NsaWVudDINqGZyb250ZW5kYadjbGllbnQxHqhzdG9yYWdlMig="},"VectorClock":{"client1":30,"client2":19,"frontend":97,"storage1":40,"storage2":40,"storage3":40}}
{"TracerIdentity":"frontend","TraceID":608969951075272878,"Tag":"FrontEndGet","Body":{"Key":"key3"},"VectorClock":{"client1":30,"client2":16,"frontend":99,"storage1":40,"storage2":40,"storage3":40}}
{"TracerIdentity":"client2","TraceID":1760086807122259163,"Tag":"KvslibGetResult","Body":{"OpId":2,"Key":"key2","Value":"value2","Err":false},"VectorClock":{"client1":30,"client2":20,"frontend":97,"storage1":40,"storage2":40,"storage3":40}}
{"TracerIdentity":"frontend","TraceID":608969951075272878,"Tag":"GenerateTokenTrace","Body":{"Token":"qGZyb250ZW5kzwhzfvGsuoiuhqhmcm9udGVuZGSnY2xpZW50MR6oc3RvcmFnZTIoqHN0b3JhZ2UxKKhzdG9yYWdlMyinY2xpZW50MhA="},"VectorClock":{"client1":30,"client2":16,"frontend":100,"storage1":40,"storage2":40,"storage3":40}}
{"TracerIdentity":"frontend","TraceID":608969951075272878,"Tag":"GenerateTokenTrace","Body":{"Token":"qGZyb250ZW5kzwhzfvGsuoiuhqhzdG9yYWdlMSioc3RvcmFnZTMop2NsaWVudDIQqGZyb250ZW5kZadjbGllbnQxHqhzdG9yYWdlMig="},"VectorClock":{"client1":30,"client2":16,"frontend":101,"storage1":40,"storage2":40,"storage3":40}}
{"TracerIdentity":"storage3","TraceID":608969951075272878,"Tag":"ReceiveTokenTrace","Body":{"Token":"qGZyb250ZW5kzwhzfvGsuoiuhqhmcm9udGVuZGSnY2xpZW50MR6oc3RvcmFnZTIoqHN0b3JhZ2UxKKhzdG9yYWdlMyinY2xpZW50MhA="},"VectorClock":{"client1":30,"client2":16,"frontend":100,"storage1":40,"storage2":40,"storage3":41}}
{"TracerIdentity":"frontend","TraceID":608969951075272878,"Tag":"GenerateTokenTrace","Body":{"Token":"qGZyb250ZW5kzwhzfvGsuoiuhqdjbGllbnQxHqhzdG9yYWdlMiioc3RvcmFnZTEoqHN0b3JhZ2UzKKdjbGllbnQyEKhmcm9udGVuZGY="},"VectorClock":{"client1":30,"client2":16,"frontend":102,"storage1":40,"storage2":40,"storage3":40}}
{"TracerIdentity":"storage3","TraceID":608969951075272878,"Tag":"StorageGet","Body":{"StorageID":"","Key":"key3"},"VectorClock":{"client1":30,"client2":16,"frontend":100,"storage1":40,"storage2":40,"storage3":42}}
{"TracerIdentity":"storage1","TraceID":608969951075272878,"Tag":"ReceiveTokenTrace","Body":{"Token":"qGZyb250ZW5kzwhzfvGsuoiuhqhzdG9yYWdlMSioc3RvcmFnZTMop2NsaWVudDIQqGZyb250ZW5kZadjbGllbnQxHqhzdG9yYWdlMig="},"VectorClock":{"client1":30,"client2":16,"frontend":101,"storage1":41,"storage2":40,"storage3":40}}
{"TracerIdentity":"storage3","TraceID":608969951075272878,"Tag":"StorageGetResult","Body":{"StorageID":"","Key":"key3","Value":"value3"},"VectorClock":{"client1":30,"client2":16,"frontend":100,"storage1":40,"storage2":40,"storage3":43}}
{"TracerIdentity":"storage1","TraceID":608969951075272878,"Tag":"StorageGet","Body":{"StorageID":"","Key":"key3"},"VectorClock":{"client1":30,"client2":16,"frontend":101,"storage1":42,"storage2":40,"storage3":40}}
{"TracerIdentity":"storage2","TraceID":608969951075272878,"Tag":"ReceiveTokenTrace","Body":{"Token":"qGZyb250ZW5kzwhzfvGsuoiuhqdjbGllbnQxHqhzdG9yYWdlMiioc3RvcmFnZTEoqHN0b3JhZ2UzKKdjbGllbnQyEKhmcm9udGVuZGY="},"VectorClock":{"client1":30,"client2":16,"frontend":102,"storage1":40,"storage2":41,"storage3":40}}
{"TracerIdentity":"storage3","TraceID":608969951075272878,"Tag":"GenerateTokenTrace","Body":{"Token":"qHN0b3JhZ2UzzwhzfvGsuoiuhqdjbGllbnQxHqhzdG9yYWdlMiioc3RvcmFnZTEop2NsaWVudDIQqHN0b3JhZ2UzLKhmcm9udGVuZGQ="},"VectorClock":{"client1":30,"client2":16,"frontend":100,"storage1":40,"storage2":40,"storage3":44}}
{"TracerIdentity":"storage1","TraceID":608969951075272878,"Tag":"StorageGetResult","Body":{"StorageID":"","Key":"key3","Value":"value3"},"VectorClock":{"client1":30,"client2":16,"frontend":101,"storage1":43,"storage2":40,"storage3":40}}
{"TracerIdentity":"storage2","TraceID":608969951075272878,"Tag":"StorageGet","Body":{"StorageID":"","Key":"key3"},"VectorClock":{"client1":30,"client2":16,"frontend":102,"storage1":40,"storage2":42,"storage3":40}}
{"TracerIdentity":"storage1","TraceID":608969951075272878,"Tag":"GenerateTokenTrace","Body":{"Token":"qHN0b3JhZ2UxzwhzfvGsuoiuhqdjbGllbnQyEKhzdG9yYWdlMSyoZnJvbnRlbmRlp2NsaWVudDEeqHN0b3JhZ2UyKKhzdG9yYWdlMyg="},"VectorClock":{"client1":30,"client2":16,"frontend":101,"storage1":44,"storage2":40,"storage3":40}}
{"TracerIdentity":"storage2","TraceID":608969951075272878,"Tag":"StorageGetResult","Body":{"StorageID":"","Key":"key3","Value":"value3"},"VectorClock":{"client1":30,"client2":16,"frontend":102,"storage1":40,"storage2":43,"storage3":40}}
{"TracerIdentity":"frontend","TraceID":608969951075272878,"Tag":"ReceiveTokenTrace","Body":{"Token":"qHN0b3JhZ2UzzwhzfvGsuoiuhqdjbGllbnQxHqhzdG9yYWdlMiioc3RvcmFnZTEop2NsaWVudDIQqHN0b3JhZ2UzLKhmcm9udGVuZGQ="},"VectorClock":{"client1":30,"client2":16,"frontend":103,"storage1":40,"storage2":40,"storage3":44}}
{"TracerIdentity":"storage2","TraceID":608969951075272878,"Tag":"GenerateTokenTrace","Body":{"Token":"qHN0b3JhZ2UyzwhzfvGsuoiuhqhmcm9udGVuZGanY2xpZW50MR6oc3RvcmFnZTEoqHN0b3JhZ2UzKKdjbGllbnQyEKhzdG9yYWdlMiw="},"VectorClock":{"client1":30,"client2":16,"frontend":102,"storage1":40,"storage2":44,"storage3":40}}
{"TracerIdentity":"frontend","TraceID":608969951075272878,"Tag":"ReceiveTokenTrace","Body":{"Token":"qHN0b3JhZ2UxzwhzfvGsuoiuhqdjbGllbnQyEKhzdG9yYWdlMSyoZnJvbnRlbmRlp2NsaWVudDEeqHN0b3JhZ2UyKKhzdG9yYWdlMyg="},"VectorClock":{"client1":30,"client2":16,"frontend":104,"storage1":44,"storage2":40,"storage3":44}}
{"TracerIdentity":"frontend","TraceID":608969951075272878,"Tag":"ReceiveTokenTrace","Body":{"Token":"qHN0b3JhZ2UyzwhzfvGsuoiuhqhmcm9udGVuZGanY2xpZW50MR6oc3RvcmFnZTEoqHN0b3JhZ2UzKKdjbGllbnQyEKhzdG9yYWdlMiw="},"VectorClock":{"client1":30,"client2":16,"frontend":105,"storage1":44,"storage2":44,"storage3":44}}
{"TracerIdentity":"frontend","TraceID":608969951075272878,"Tag":"FrontEndGetResult","Body":{"Key":"key3","Value":"value3","Err":false},"VectorClock":{"client1":30,"client2":16,"frontend":106,"storage1":44,"storage2":44,"storage3":44}}
{"TracerIdentity":"frontend","TraceID":608969951075272878,"Tag":"GenerateTokenTrace","Body":{"Token":"qGZyb250ZW5kzwhzfvGsuoiuhqhzdG9yYWdlMyynY2xpZW50MhCoZnJvbnRlbmRrp2NsaWVudDEeqHN0b3JhZ2UyLKhzdG9yYWdlMSw="},"VectorClock":{"client1":30,"client2":16,"frontend":107,"storage1":44,"storage2":44,"storage3":44}}
{"TracerIdentity":"client2","TraceID":608969951075272878,"Tag":"ReceiveTokenTrace","Body":{"Token":"qGZyb250ZW5kzwhzfvGsuoiuhqhzdG9yYWdlMyynY2xpZW50MhCoZnJvbnRlbmRrp2NsaWVudDEeqHN0b3JhZ2UyLKhzdG9yYWdlMSw="},"VectorClock":{"client1":30,"client2":21,"frontend":107,"storage1":44,"storage2":44,"storage3":44}}
{"TracerIdentity":"client2","TraceID":608969951075272878,"Tag":"KvslibGetResult","Body":{"OpId":3,"Key":"key3","Value":"value3","Err":false},"VectorClock":{"client1":30,"client2":22,"frontend":107,"storage1":44,"storage2":44,"storage3":44}}
{"TracerIdentity":"client2","TraceID":3657937185799933058,"Tag":"KvslibComplete","Body":{"ClientId":"client2"},"VectorClock":{"client1":30,"client2":23,"frontend":107,"storage1":44,"storage2":44,"storage3":44}}
{"TracerIdentity":"client1","TraceID":7893085645585543563,"Tag":"KvslibComplete","Body":{"ClientId":"client1"},"VectorClock":{"client1":33,"client2":10,"frontend":87,"storage1":36,"storage2":36,"storage3":36}}
